# JRE version: OpenJDK Runtime Environment Temurin-21.0.12.1+1 (21.0.12.1+1) (build 21.0.12.1+1-LTS)
# Java VM: OpenJDK 64-Bit Server VM Temurin-21.0.12.1+1 (21.0.12.1+1-LTS, mixed mode, sharing, tiered, compressed oops, compressed class ptrs, g1 gc, windows-amd64)
GC Precious Log:
 CardTable entry size: 512
 Card Set container configuration: InlinePtr #cards 5 size 8 Array Of Cards #cards 12 size 40 Howl #buckets 4 coarsen threshold 1843 Howl Bitmap #cards 512 size 80 coarsen threshold 460 Card regions per heap region 1 cards per card region 2048
 CPUs: 8 total, 8 available
 Memory: 16107M
 Large Page Support: Disabled
 NUMA Support: Disabled
 Compressed Oops: Enabled (32-bit)
 Heap Region Size: 1M
 Heap Min Capacity: 256M
 Heap Initial Capacity: 256M
 Heap Max Capacity: 512M
 Pre-touch: Disabled
 Parallel Workers: 8
 Concurrent Workers: 2
 Concurrent Refinement Workers: 8
 Periodic GC: Disabled
Heap:
 garbage-first heap   total 262144K, used 150792K [0x00000000e0000000, 0x0000000100000000)
  region size 1024K, 125 young (128000K), 7 survivors (7168K)
 Metaspace       used 46771K, committed 48640K, reserved 393216K
  class space    used 7051K, committed 7936K, reserved 327680K
GC Heap History (12 events):
Event: 8.794 GC heap before
{Heap before GC invocations=0 (full 0):
 garbage-first heap   total 262144K, used 27648K [0x00000000e0000000, 0x0000000100000000)
  region size 1024K, 23 young (23552K), 0 survivors (0K)
 Metaspace       used 3108K, committed 3264K, reserved 393216K
  class space    used 376K, committed 448K, reserved 327680K
}
Event: 9.353 GC heap after
{Heap after GC invocations=1 (full 0):
 garbage-first heap   total 262144K, used 11178K [0x00000000e0000000, 0x0000000100000000)
  region size 1024K, 3 young (3072K), 3 survivors (3072K)
 Metaspace       used 3108K, committed 3264K, reserved 393216K
  class space    used 376K, committed 448K, reserved 327680K
}
Event: 15.021 GC heap before
{Heap before GC invocations=1 (full 0):
 garbage-first heap   total 262144K, used 40874K [0x00000000e0000000, 0x0000000100000000)
  region size 1024K, 30 young (30720K), 3 survivors (3072K)
 Metaspace       used 4696K, committed 4864K, reserved 393216K
  class space    used 597K, committed 704K, reserved 327680K
}
Event: 15.024 GC heap after
{Heap after GC invocations=2 (full 0):
 garbage-first heap   total 262144K, used 14773K [0x00000000e0000000, 0x0000000100000000)
  region size 1024K, 3 young (3072K), 3 survivors (3072K)
 Metaspace       used 4696K, committed 4864K, reserved 393216K
  class space    used 597K, committed 704K, reserved 327680K
}
Event: 96.404 GC heap before
{Heap before GC invocations=2 (full 0):
 garbage-first heap   total 262144K, used 125365K [0x00000000e0000000, 0x0000000100000000)
  region size 1024K, 112 young (114688K), 3 survivors (3072K)
 Metaspace       used 20857K, committed 21504K, reserved 393216K
  class space    used 2965K, committed 3264K, reserved 327680K
}
Event: 96.440 GC heap after
{Heap after GC invocations=3 (full 0):
 garbage-first heap   total 262144K, used 24654K [0x00000000e0000000, 0x0000000100000000)
  region size 1024K, 12 young (12288K), 12 survivors (12288K)
 Metaspace       used 20857K, committed 21504K, reserved 393216K
  class space    used 2965K, committed 3264K, reserved 327680K
}
Event: 151.602 GC heap before
{Heap before GC invocations=4 (full 0):
 garbage-first heap   total 262144K, used 127054K [0x00000000e0000000, 0x0000000100000000)
  region size 1024K, 114 young (116736K), 12 survivors (12288K)
 Metaspace       used 34679K, committed 35968K, reserved 393216K
  class space    used 5103K, committed 5760K, reserved 327680K
}
Event: 151.615 GC heap after
{Heap after GC invocations=5 (full 0):
 garbage-first heap   total 262144K, used 31341K [0x00000000e0000000, 0x0000000100000000)
  region size 1024K, 7 young (7168K), 7 survivors (7168K)
 Metaspace       used 34679K, committed 35968K, reserved 393216K
  class space    used 5103K, committed 5760K, reserved 327680K
}
Event: 152.293 GC heap before
{Heap before GC invocations=5 (full 0):
 garbage-first heap   total 262144K, used 32365K [0x00000000e0000000, 0x0000000100000000)
  region size 1024K, 9 young (9216K), 7 survivors (7168K)
 Metaspace       used 34896K, committed 36288K, reserved 393216K
  class space    used 5125K, committed 5824K, reserved 327680K
}
Event: 152.299 GC heap after
{Heap after GC invocations=6 (full 0):
 garbage-first heap   total 262144K, used 31882K [0x00000000e0000000, 0x0000000100000000)
  region size 1024K, 7 young (7168K), 7 survivors (7168K)
 Metaspace       used 34896K, committed 36288K, reserved 393216K
  class space    used 5125K, committed 5824K, reserved 327680K
}
Event: 153.354 GC heap before
{Heap before GC invocations=6 (full 0):
 garbage-first heap   total 262144K, used 33930K [0x00000000e0000000, 0x0000000100000000)
  region size 1024K, 10 young (10240K), 7 survivors (7168K)
 Metaspace       used 35329K, committed 36608K, reserved 393216K
  class space    used 5189K, committed 5824K, reserved 327680K
}
Event: 153.359 GC heap after
{Heap after GC invocations=7 (full 0):
 garbage-first heap   total 262144K, used 32008K [0x00000000e0000000, 0x0000000100000000)
  region size 1024K, 7 young (7168K), 7 survivors (7168K)
 Metaspace       used 35329K, committed 36608K, reserved 393216K
  class space    used 5189K, committed 5824K, reserved 327680K
}

