# JRE version: OpenJDK Runtime Environment Temurin-21.0.12.1+1 (21.0.12.1+1) (build 21.0.12.1+1-LTS)
# Java VM: OpenJDK 64-Bit Server VM Temurin-21.0.12.1+1 (21.0.12.1+1-LTS, mixed mode, sharing, tiered, compressed oops, compressed class ptrs, g1 gc, windows-amd64)
GC Precious Log:
 CardTable entry size: 512
 Card Set container configuration: InlinePtr #cards 5 size 8 Array Of Cards #cards 12 size 40 Howl #buckets 4 coarsen threshold 1843 Howl Bitmap #cards 512 size 80 coarsen threshold 460 Card regions per heap region 1 cards per card region 2048
 CPUs: 8 total, 8 available
 Memory: 16107M
 Large Page Support: Disabled
 NUMA Support: Disabled
 Compressed Oops: Enabled (32-bit)
 Heap Region Size: 1M
 Heap Min Capacity: 256M
 Heap Initial Capacity: 256M
 Heap Max Capacity: 512M
 Pre-touch: Disabled
 Parallel Workers: 8
 Concurrent Workers: 2
 Concurrent Refinement Workers: 8
 Periodic GC: Disabled
Heap:
 garbage-first heap   total 262144K, used 68638K [0x00000000e0000000, 0x0000000100000000)
  region size 1024K, 30 young (30720K), 5 survivors (5120K)
 Metaspace       used 53762K, committed 55936K, reserved 393216K
  class space    used 8205K, committed 9280K, reserved 327680K
GC Heap History (20 events):
Event: 41.428 GC heap before
{Heap before GC invocations=1 (full 0):
 garbage-first heap   total 262144K, used 40789K [0x00000000e0000000, 0x0000000100000000)
  region size 1024K, 31 young (31744K), 3 survivors (3072K)
 Metaspace       used 4680K, committed 4864K, reserved 393216K
  class space    used 595K, committed 704K, reserved 327680K
}
Event: 41.431 GC heap after
{Heap after GC invocations=2 (full 0):
 garbage-first heap   total 262144K, used 14772K [0x00000000e0000000, 0x0000000100000000)
  region size 1024K, 3 young (3072K), 3 survivors (3072K)
 Metaspace       used 4680K, committed 4864K, reserved 393216K
  class space    used 595K, committed 704K, reserved 327680K
}
Event: 96.854 GC heap before
{Heap before GC invocations=2 (full 0):
 garbage-first heap   total 262144K, used 98740K [0x00000000e0000000, 0x0000000100000000)
  region size 1024K, 85 young (87040K), 3 survivors (3072K)
 Metaspace       used 17449K, committed 17984K, reserved 393216K
  class space    used 2415K, committed 2688K, reserved 327680K
}
Event: 96.986 GC heap after
{Heap after GC invocations=3 (full 0):
 garbage-first heap   total 262144K, used 22986K [0x00000000e0000000, 0x0000000100000000)
  region size 1024K, 11 young (11264K), 11 survivors (11264K)
 Metaspace       used 17449K, committed 17984K, reserved 393216K
  class space    used 2415K, committed 2688K, reserved 327680K
}
Event: 105.011 GC heap before
{Heap before GC invocations=3 (full 0):
 garbage-first heap   total 262144K, used 49610K [0x00000000e0000000, 0x0000000100000000)
  region size 1024K, 38 young (38912K), 11 survivors (11264K)
 Metaspace       used 20852K, committed 21504K, reserved 393216K
  class space    used 2982K, committed 3328K, reserved 327680K
}
Event: 105.020 GC heap after
{Heap after GC invocations=4 (full 0):
 garbage-first heap   total 262144K, used 25028K [0x00000000e0000000, 0x0000000100000000)
  region size 1024K, 3 young (3072K), 3 survivors (3072K)
 Metaspace       used 20852K, committed 21504K, reserved 393216K
  class space    used 2982K, committed 3328K, reserved 327680K
}
Event: 160.501 GC heap before
{Heap before GC invocations=5 (full 0):
 garbage-first heap   total 262144K, used 128452K [0x00000000e0000000, 0x0000000100000000)
  region size 1024K, 106 young (108544K), 3 survivors (3072K)
 Metaspace       used 34729K, committed 36096K, reserved 393216K
  class space    used 5123K, committed 5824K, reserved 327680K
}
Event: 160.513 GC heap after
{Heap after GC invocations=6 (full 0):
 garbage-first heap   total 262144K, used 30983K [0x00000000e0000000, 0x0000000100000000)
  region size 1024K, 9 young (9216K), 9 survivors (9216K)
 Metaspace       used 34729K, committed 36096K, reserved 393216K
  class space    used 5123K, committed 5824K, reserved 327680K
}
Event: 160.840 GC heap before
{Heap before GC invocations=6 (full 0):
 garbage-first heap   total 262144K, used 32007K [0x00000000e0000000, 0x0000000100000000)
  region size 1024K, 11 young (11264K), 9 survivors (9216K)
 Metaspace       used 35044K, committed 36416K, reserved 393216K
  class space    used 5161K, committed 5824K, reserved 327680K
}
Event: 160.849 GC heap after
{Heap after GC invocations=7 (full 0):
 garbage-first heap   total 262144K, used 31116K [0x00000000e0000000, 0x0000000100000000)
  region size 1024K, 9 young (9216K), 9 survivors (9216K)
 Metaspace       used 35044K, committed 36416K, reserved 393216K
  class space    used 5161K, committed 5824K, reserved 327680K
}
Event: 162.067 GC heap before
{Heap before GC invocations=7 (full 0):
 garbage-first heap   total 262144K, used 34188K [0x00000000e0000000, 0x0000000100000000)
  region size 1024K, 13 young (13312K), 9 survivors (9216K)
 Metaspace       used 35381K, committed 36736K, reserved 393216K
  class space    used 5208K, committed 5888K, reserved 327680K
}
Event: 162.072 GC heap after
{Heap after GC invocations=8 (full 0):
 garbage-first heap   total 262144K, used 31345K [0x00000000e0000000, 0x0000000100000000)
  region size 1024K, 9 young (9216K), 9 survivors (9216K)
 Metaspace       used 35381K, committed 36736K, reserved 393216K
  class space    used 5208K, committed 5888K, reserved 327680K
}
Event: 267.174 GC heap before
{Heap before GC invocations=9 (full 0):
 garbage-first heap   total 262144K, used 178801K [0x00000000e0000000, 0x0000000100000000)
  region size 1024K, 153 young (156672K), 9 survivors (9216K)
 Metaspace       used 49193K, committed 51200K, reserved 393216K
  class space    used 7425K, committed 8384K, reserved 327680K
}
Event: 268.401 GC heap after
{Heap after GC invocations=10 (full 0):
 garbage-first heap   total 262144K, used 39696K [0x00000000e0000000, 0x0000000100000000)
  region size 1024K, 17 young (17408K), 17 survivors (17408K)
 Metaspace       used 49193K, committed 51200K, reserved 393216K
  class space    used 7425K, committed 8384K, reserved 327680K
}
Event: 268.483 GC heap before
{Heap before GC invocations=10 (full 0):
 garbage-first heap   total 262144K, used 40720K [0x00000000e0000000, 0x0000000100000000)
  region size 1024K, 18 young (18432K), 17 survivors (17408K)
 Metaspace       used 49225K, committed 51200K, reserved 393216K
  class space    used 7431K, committed 8384K, reserved 327680K
}
Event: 268.543 GC heap after
{Heap after GC invocations=11 (full 0):
 garbage-first heap   total 262144K, used 41683K [0x00000000e0000000, 0x0000000100000000)
  region size 1024K, 3 young (3072K), 3 survivors (3072K)
 Metaspace       used 49225K, committed 51200K, reserved 393216K
  class space    used 7431K, committed 8384K, reserved 327680K
}
Event: 270.584 GC heap before
{Heap before GC invocations=11 (full 0):
 garbage-first heap   total 262144K, used 50899K [0x00000000e0000000, 0x0000000100000000)
  region size 1024K, 12 young (12288K), 3 survivors (3072K)
 Metaspace       used 50090K, committed 52096K, reserved 393216K
  class space    used 7587K, committed 8576K, reserved 327680K
}
Event: 270.586 GC heap after
{Heap after GC invocations=12 (full 0):
 garbage-first heap   total 262144K, used 39726K [0x00000000e0000000, 0x0000000100000000)
  region size 1024K, 1 young (1024K), 1 survivors (1024K)
 Metaspace       used 50090K, committed 52096K, reserved 393216K
  class space    used 7587K, committed 8576K, reserved 327680K
}
Event: 420.527 GC heap before
{Heap before GC invocations=12 (full 0):
 garbage-first heap   total 262144K, used 80686K [0x00000000e0000000, 0x0000000100000000)
  region size 1024K, 41 young (41984K), 1 survivors (1024K)
 Metaspace       used 51776K, committed 53888K, reserved 393216K
  class space    used 7850K, committed 8896K, reserved 327680K
}
Event: 420.545 GC heap after
{Heap after GC invocations=13 (full 0):
 garbage-first heap   total 262144K, used 44062K [0x00000000e0000000, 0x0000000100000000)
  region size 1024K, 5 young (5120K), 5 survivors (5120K)
 Metaspace       used 51776K, committed 53888K, reserved 393216K
  class space    used 7850K, committed 8896K, reserved 327680K
}

