# JRE version: OpenJDK Runtime Environment Temurin-21.0.12.1+1 (21.0.12.1+1) (build 21.0.12.1+1-LTS)
# Java VM: OpenJDK 64-Bit Server VM Temurin-21.0.12.1+1 (21.0.12.1+1-LTS, mixed mode, sharing, tiered, compressed oops, compressed class ptrs, g1 gc, windows-amd64)
GC Precious Log:
 CardTable entry size: 512
 Card Set container configuration: InlinePtr #cards 5 size 8 Array Of Cards #cards 12 size 40 Howl #buckets 4 coarsen threshold 1843 Howl Bitmap #cards 512 size 80 coarsen threshold 460 Card regions per heap region 1 cards per card region 2048
 CPUs: 8 total, 8 available
 Memory: 16107M
 Large Page Support: Disabled
 NUMA Support: Disabled
 Compressed Oops: Enabled (32-bit)
 Heap Region Size: 1M
 Heap Min Capacity: 256M
 Heap Initial Capacity: 256M
 Heap Max Capacity: 512M
 Pre-touch: Disabled
 Parallel Workers: 8
 Concurrent Workers: 2
 Concurrent Refinement Workers: 8
 Periodic GC: Disabled
Heap:
 garbage-first heap   total 262144K, used 134643K [0x00000000e0000000, 0x0000000100000000)
  region size 1024K, 107 young (109568K), 16 survivors (16384K)
 Metaspace       used 55819K, committed 57984K, reserved 393216K
  class space    used 8406K, committed 9472K, reserved 327680K
GC Heap History (14 events):
Event: 10.756 GC heap before
{Heap before GC invocations=0 (full 0):
 garbage-first heap   total 262144K, used 26624K [0x00000000e0000000, 0x0000000100000000)
  region size 1024K, 23 young (23552K), 0 survivors (0K)
 Metaspace       used 3100K, committed 3264K, reserved 393216K
  class space    used 373K, committed 448K, reserved 327680K
}
Event: 11.282 GC heap after
{Heap after GC invocations=1 (full 0):
 garbage-first heap   total 262144K, used 11178K [0x00000000e0000000, 0x0000000100000000)
  region size 1024K, 3 young (3072K), 3 survivors (3072K)
 Metaspace       used 3100K, committed 3264K, reserved 393216K
  class space    used 373K, committed 448K, reserved 327680K
}
Event: 27.817 GC heap before
{Heap before GC invocations=1 (full 0):
 garbage-first heap   total 262144K, used 41898K [0x00000000e0000000, 0x0000000100000000)
  region size 1024K, 31 young (31744K), 3 survivors (3072K)
 Metaspace       used 4693K, committed 4864K, reserved 393216K
  class space    used 595K, committed 704K, reserved 327680K
}
Event: 27.821 GC heap after
{Heap after GC invocations=2 (full 0):
 garbage-first heap   total 262144K, used 15338K [0x00000000e0000000, 0x0000000100000000)
  region size 1024K, 3 young (3072K), 3 survivors (3072K)
 Metaspace       used 4693K, committed 4864K, reserved 393216K
  class space    used 595K, committed 704K, reserved 327680K
}
Event: 89.938 GC heap before
{Heap before GC invocations=2 (full 0):
 garbage-first heap   total 262144K, used 124906K [0x00000000e0000000, 0x0000000100000000)
  region size 1024K, 111 young (113664K), 3 survivors (3072K)
 Metaspace       used 20865K, committed 21504K, reserved 393216K
  class space    used 2976K, committed 3328K, reserved 327680K
}
Event: 90.068 GC heap after
{Heap after GC invocations=3 (full 0):
 garbage-first heap   total 262144K, used 24381K [0x00000000e0000000, 0x0000000100000000)
  region size 1024K, 12 young (12288K), 12 survivors (12288K)
 Metaspace       used 20865K, committed 21504K, reserved 393216K
  class space    used 2976K, committed 3328K, reserved 327680K
}
Event: 136.948 GC heap before
{Heap before GC invocations=4 (full 0):
 garbage-first heap   total 262144K, used 126781K [0x00000000e0000000, 0x0000000100000000)
  region size 1024K, 114 young (116736K), 12 survivors (12288K)
 Metaspace       used 34724K, committed 36096K, reserved 393216K
  class space    used 5123K, committed 5824K, reserved 327680K
}
Event: 136.963 GC heap after
{Heap after GC invocations=5 (full 0):
 garbage-first heap   total 262144K, used 30919K [0x00000000e0000000, 0x0000000100000000)
  region size 1024K, 7 young (7168K), 7 survivors (7168K)
 Metaspace       used 34724K, committed 36096K, reserved 393216K
  class space    used 5123K, committed 5824K, reserved 327680K
}
Event: 137.294 GC heap before
{Heap before GC invocations=5 (full 0):
 garbage-first heap   total 262144K, used 31943K [0x00000000e0000000, 0x0000000100000000)
  region size 1024K, 9 young (9216K), 7 survivors (7168K)
 Metaspace       used 35066K, committed 36416K, reserved 393216K
  class space    used 5164K, committed 5824K, reserved 327680K
}
Event: 137.316 GC heap after
{Heap after GC invocations=6 (full 0):
 garbage-first heap   total 262144K, used 31867K [0x00000000e0000000, 0x0000000100000000)
  region size 1024K, 7 young (7168K), 7 survivors (7168K)
 Metaspace       used 35066K, committed 36416K, reserved 393216K
  class space    used 5164K, committed 5824K, reserved 327680K
}
Event: 137.482 GC heap before
{Heap before GC invocations=6 (full 0):
 garbage-first heap   total 262144K, used 32891K [0x00000000e0000000, 0x0000000100000000)
  region size 1024K, 9 young (9216K), 7 survivors (7168K)
 Metaspace       used 35342K, committed 36736K, reserved 393216K
  class space    used 5207K, committed 5888K, reserved 327680K
}
Event: 137.487 GC heap after
{Heap after GC invocations=7 (full 0):
 garbage-first heap   total 262144K, used 31842K [0x00000000e0000000, 0x0000000100000000)
  region size 1024K, 7 young (7168K), 7 survivors (7168K)
 Metaspace       used 35342K, committed 36736K, reserved 393216K
  class space    used 5207K, committed 5888K, reserved 327680K
}
Event: 210.524 GC heap before
{Heap before GC invocations=8 (full 0):
 garbage-first heap   total 262144K, used 181346K [0x00000000e0000000, 0x0000000100000000)
  region size 1024K, 153 young (156672K), 7 survivors (7168K)
 Metaspace       used 49446K, committed 51520K, reserved 393216K
  class space    used 7493K, committed 8512K, reserved 327680K
}
Event: 210.537 GC heap after
{Heap after GC invocations=9 (full 0):
 garbage-first heap   total 262144K, used 40435K [0x00000000e0000000, 0x0000000100000000)
  region size 1024K, 16 young (16384K), 16 survivors (16384K)
 Metaspace       used 49446K, committed 51520K, reserved 393216K
  class space    used 7493K, committed 8512K, reserved 327680K
}

