# JRE version: OpenJDK Runtime Environment Temurin-21.0.12.1+1 (21.0.12.1+1) (build 21.0.12.1+1-LTS)
# Java VM: OpenJDK 64-Bit Server VM Temurin-21.0.12.1+1 (21.0.12.1+1-LTS, mixed mode, sharing, tiered, compressed oops, compressed class ptrs, g1 gc, windows-amd64)
GC Precious Log:
 CardTable entry size: 512
 Card Set container configuration: InlinePtr #cards 5 size 8 Array Of Cards #cards 12 size 40 Howl #buckets 4 coarsen threshold 1843 Howl Bitmap #cards 512 size 80 coarsen threshold 460 Card regions per heap region 1 cards per card region 2048
 CPUs: 8 total, 8 available
 Memory: 16107M
 Large Page Support: Disabled
 NUMA Support: Disabled
 Compressed Oops: Enabled (32-bit)
 Heap Region Size: 1M
 Heap Min Capacity: 256M
 Heap Initial Capacity: 256M
 Heap Max Capacity: 512M
 Pre-touch: Disabled
 Parallel Workers: 8
 Concurrent Workers: 2
 Concurrent Refinement Workers: 8
 Periodic GC: Disabled
Heap:
 garbage-first heap   total 262144K, used 101131K [0x00000000e0000000, 0x0000000100000000)
  region size 1024K, 71 young (72704K), 20 survivors (20480K)
 Metaspace       used 58302K, committed 60480K, reserved 393216K
  class space    used 8591K, committed 9664K, reserved 327680K
GC Heap History (18 events):
Event: 5.229 GC heap before
{Heap before GC invocations=0 (full 0):
 garbage-first heap   total 262144K, used 27648K [0x00000000e0000000, 0x0000000100000000)
  region size 1024K, 23 young (23552K), 0 survivors (0K)
 Metaspace       used 2941K, committed 3072K, reserved 393216K
  class space    used 349K, committed 384K, reserved 327680K
}
Event: 5.298 GC heap after
{Heap after GC invocations=1 (full 0):
 garbage-first heap   total 262144K, used 11775K [0x00000000e0000000, 0x0000000100000000)
  region size 1024K, 3 young (3072K), 3 survivors (3072K)
 Metaspace       used 2941K, committed 3072K, reserved 393216K
  class space    used 349K, committed 384K, reserved 327680K
}
Event: 8.172 GC heap before
{Heap before GC invocations=1 (full 0):
 garbage-first heap   total 262144K, used 41471K [0x00000000e0000000, 0x0000000100000000)
  region size 1024K, 31 young (31744K), 3 survivors (3072K)
 Metaspace       used 4667K, committed 4864K, reserved 393216K
  class space    used 592K, committed 704K, reserved 327680K
}
Event: 8.176 GC heap after
{Heap after GC invocations=2 (full 0):
 garbage-first heap   total 262144K, used 15208K [0x00000000e0000000, 0x0000000100000000)
  region size 1024K, 3 young (3072K), 3 survivors (3072K)
 Metaspace       used 4667K, committed 4864K, reserved 393216K
  class space    used 592K, committed 704K, reserved 327680K
}
Event: 85.376 GC heap before
{Heap before GC invocations=2 (full 0):
 garbage-first heap   total 262144K, used 106344K [0x00000000e0000000, 0x0000000100000000)
  region size 1024K, 92 young (94208K), 3 survivors (3072K)
 Metaspace       used 17933K, committed 18432K, reserved 393216K
  class space    used 2481K, committed 2752K, reserved 327680K
}
Event: 85.448 GC heap after
{Heap after GC invocations=3 (full 0):
 garbage-first heap   total 262144K, used 23375K [0x00000000e0000000, 0x0000000100000000)
  region size 1024K, 11 young (11264K), 11 survivors (11264K)
 Metaspace       used 17933K, committed 18432K, reserved 393216K
  class space    used 2481K, committed 2752K, reserved 327680K
}
Event: 88.622 GC heap before
{Heap before GC invocations=3 (full 0):
 garbage-first heap   total 262144K, used 45903K [0x00000000e0000000, 0x0000000100000000)
  region size 1024K, 34 young (34816K), 11 survivors (11264K)
 Metaspace       used 20845K, committed 21504K, reserved 393216K
  class space    used 2969K, committed 3264K, reserved 327680K
}
Event: 88.629 GC heap after
{Heap after GC invocations=4 (full 0):
 garbage-first heap   total 262144K, used 25068K [0x00000000e0000000, 0x0000000100000000)
  region size 1024K, 3 young (3072K), 3 survivors (3072K)
 Metaspace       used 20845K, committed 21504K, reserved 393216K
  class space    used 2969K, committed 3264K, reserved 327680K
}
Event: 109.313 GC heap before
{Heap before GC invocations=5 (full 0):
 garbage-first heap   total 262144K, used 126444K [0x00000000e0000000, 0x0000000100000000)
  region size 1024K, 102 young (104448K), 3 survivors (3072K)
 Metaspace       used 34669K, committed 35968K, reserved 393216K
  class space    used 4960K, committed 5632K, reserved 327680K
}
Event: 109.318 GC heap after
{Heap after GC invocations=6 (full 0):
 garbage-first heap   total 262144K, used 30583K [0x00000000e0000000, 0x0000000100000000)
  region size 1024K, 8 young (8192K), 8 survivors (8192K)
 Metaspace       used 34669K, committed 35968K, reserved 393216K
  class space    used 4960K, committed 5632K, reserved 327680K
}
Event: 109.562 GC heap before
{Heap before GC invocations=6 (full 0):
 garbage-first heap   total 262144K, used 31607K [0x00000000e0000000, 0x0000000100000000)
  region size 1024K, 10 young (10240K), 8 survivors (8192K)
 Metaspace       used 35010K, committed 36288K, reserved 393216K
  class space    used 4988K, committed 5632K, reserved 327680K
}
Event: 109.566 GC heap after
{Heap after GC invocations=7 (full 0):
 garbage-first heap   total 262144K, used 30494K [0x00000000e0000000, 0x0000000100000000)
  region size 1024K, 8 young (8192K), 8 survivors (8192K)
 Metaspace       used 35010K, committed 36288K, reserved 393216K
  class space    used 4988K, committed 5632K, reserved 327680K
}
Event: 109.731 GC heap before
{Heap before GC invocations=7 (full 0):
 garbage-first heap   total 262144K, used 31518K [0x00000000e0000000, 0x0000000100000000)
  region size 1024K, 10 young (10240K), 8 survivors (8192K)
 Metaspace       used 35269K, committed 36608K, reserved 393216K
  class space    used 5014K, committed 5696K, reserved 327680K
}
Event: 109.737 GC heap after
{Heap after GC invocations=8 (full 0):
 garbage-first heap   total 262144K, used 31182K [0x00000000e0000000, 0x0000000100000000)
  region size 1024K, 9 young (9216K), 9 survivors (9216K)
 Metaspace       used 35269K, committed 36608K, reserved 393216K
  class space    used 5014K, committed 5696K, reserved 327680K
}
Event: 117.416 GC heap before
{Heap before GC invocations=9 (full 0):
 garbage-first heap   total 262144K, used 178638K [0x00000000e0000000, 0x0000000100000000)
  region size 1024K, 153 young (156672K), 9 survivors (9216K)
 Metaspace       used 50231K, committed 52288K, reserved 393216K
  class space    used 7495K, committed 8512K, reserved 327680K
}
Event: 117.426 GC heap after
{Heap after GC invocations=10 (full 0):
 garbage-first heap   total 262144K, used 38913K [0x00000000e0000000, 0x0000000100000000)
  region size 1024K, 16 young (16384K), 16 survivors (16384K)
 Metaspace       used 50231K, committed 52288K, reserved 393216K
  class space    used 7495K, committed 8512K, reserved 327680K
}
Event: 159.002 GC heap before
{Heap before GC invocations=10 (full 0):
 garbage-first heap   total 262144K, used 179201K [0x00000000e0000000, 0x0000000100000000)
  region size 1024K, 153 young (156672K), 16 survivors (16384K)
 Metaspace       used 57735K, committed 59904K, reserved 393216K
  class space    used 8582K, committed 9600K, reserved 327680K
}
Event: 159.016 GC heap after
{Heap after GC invocations=11 (full 0):
 garbage-first heap   total 262144K, used 49931K [0x00000000e0000000, 0x0000000100000000)
  region size 1024K, 20 young (20480K), 20 survivors (20480K)
 Metaspace       used 57735K, committed 59904K, reserved 393216K
  class space    used 8582K, committed 9600K, reserved 327680K
}

