# JRE version: OpenJDK Runtime Environment Temurin-21.0.12.1+1 (21.0.12.1+1) (build 21.0.12.1+1-LTS)
# Java VM: OpenJDK 64-Bit Server VM Temurin-21.0.12.1+1 (21.0.12.1+1-LTS, mixed mode, sharing, tiered, compressed oops, compressed class ptrs, g1 gc, windows-amd64)
GC Precious Log:
 CardTable entry size: 512
 Card Set container configuration: InlinePtr #cards 5 size 8 Array Of Cards #cards 12 size 40 Howl #buckets 4 coarsen threshold 1843 Howl Bitmap #cards 512 size 80 coarsen threshold 460 Card regions per heap region 1 cards per card region 2048
 CPUs: 8 total, 8 available
 Memory: 16107M
 Large Page Support: Disabled
 NUMA Support: Disabled
 Compressed Oops: Enabled (32-bit)
 Heap Region Size: 1M
 Heap Min Capacity: 256M
 Heap Initial Capacity: 256M
 Heap Max Capacity: 512M
 Pre-touch: Disabled
 Parallel Workers: 8
 Concurrent Workers: 2
 Concurrent Refinement Workers: 8
 Periodic GC: Disabled
Heap:
 garbage-first heap   total 262144K, used 96746K [0x00000000e0000000, 0x0000000100000000)
  region size 1024K, 71 young (72704K), 15 survivors (15360K)
 Metaspace       used 52148K, committed 54208K, reserved 393216K
  class space    used 7880K, committed 8896K, reserved 327680K
GC Heap History (14 events):
Event: 25.405 GC heap before
{Heap before GC invocations=0 (full 0):
 garbage-first heap   total 262144K, used 27648K [0x00000000e0000000, 0x0000000100000000)
  region size 1024K, 23 young (23552K), 0 survivors (0K)
 Metaspace       used 3020K, committed 3200K, reserved 393216K
  class space    used 366K, committed 448K, reserved 327680K
}
Event: 26.233 GC heap after
{Heap after GC invocations=1 (full 0):
 garbage-first heap   total 262144K, used 11023K [0x00000000e0000000, 0x0000000100000000)
  region size 1024K, 3 young (3072K), 3 survivors (3072K)
 Metaspace       used 3020K, committed 3200K, reserved 393216K
  class space    used 366K, committed 448K, reserved 327680K
}
Event: 57.452 GC heap before
{Heap before GC invocations=1 (full 0):
 garbage-first heap   total 262144K, used 40719K [0x00000000e0000000, 0x0000000100000000)
  region size 1024K, 31 young (31744K), 3 survivors (3072K)
 Metaspace       used 4677K, committed 4864K, reserved 393216K
  class space    used 593K, committed 704K, reserved 327680K
}
Event: 57.455 GC heap after
{Heap after GC invocations=2 (full 0):
 garbage-first heap   total 262144K, used 15679K [0x00000000e0000000, 0x0000000100000000)
  region size 1024K, 3 young (3072K), 3 survivors (3072K)
 Metaspace       used 4677K, committed 4864K, reserved 393216K
  class space    used 593K, committed 704K, reserved 327680K
}
Event: 164.897 GC heap before
{Heap before GC invocations=2 (full 0):
 garbage-first heap   total 262144K, used 126271K [0x00000000e0000000, 0x0000000100000000)
  region size 1024K, 113 young (115712K), 3 survivors (3072K)
 Metaspace       used 20876K, committed 21504K, reserved 393216K
  class space    used 2967K, committed 3264K, reserved 327680K
}
Event: 164.922 GC heap after
{Heap after GC invocations=3 (full 0):
 garbage-first heap   total 262144K, used 24901K [0x00000000e0000000, 0x0000000100000000)
  region size 1024K, 12 young (12288K), 12 survivors (12288K)
 Metaspace       used 20876K, committed 21504K, reserved 393216K
  class space    used 2967K, committed 3264K, reserved 327680K
}
Event: 216.619 GC heap before
{Heap before GC invocations=4 (full 0):
 garbage-first heap   total 262144K, used 128325K [0x00000000e0000000, 0x0000000100000000)
  region size 1024K, 115 young (117760K), 12 survivors (12288K)
 Metaspace       used 34782K, committed 36096K, reserved 393216K
  class space    used 5114K, committed 5760K, reserved 327680K
}
Event: 216.637 GC heap after
{Heap after GC invocations=5 (full 0):
 garbage-first heap   total 262144K, used 31904K [0x00000000e0000000, 0x0000000100000000)
  region size 1024K, 7 young (7168K), 7 survivors (7168K)
 Metaspace       used 34782K, committed 36096K, reserved 393216K
  class space    used 5114K, committed 5760K, reserved 327680K
}
Event: 216.835 GC heap before
{Heap before GC invocations=5 (full 0):
 garbage-first heap   total 262144K, used 32928K [0x00000000e0000000, 0x0000000100000000)
  region size 1024K, 9 young (9216K), 7 survivors (7168K)
 Metaspace       used 35067K, committed 36416K, reserved 393216K
  class space    used 5153K, committed 5824K, reserved 327680K
}
Event: 216.842 GC heap after
{Heap after GC invocations=6 (full 0):
 garbage-first heap   total 262144K, used 31942K [0x00000000e0000000, 0x0000000100000000)
  region size 1024K, 7 young (7168K), 7 survivors (7168K)
 Metaspace       used 35067K, committed 36416K, reserved 393216K
  class space    used 5153K, committed 5824K, reserved 327680K
}
Event: 216.925 GC heap before
{Heap before GC invocations=6 (full 0):
 garbage-first heap   total 262144K, used 32966K [0x00000000e0000000, 0x0000000100000000)
  region size 1024K, 9 young (9216K), 7 survivors (7168K)
 Metaspace       used 35390K, committed 36736K, reserved 393216K
  class space    used 5199K, committed 5888K, reserved 327680K
}
Event: 216.932 GC heap after
{Heap after GC invocations=7 (full 0):
 garbage-first heap   total 262144K, used 32217K [0x00000000e0000000, 0x0000000100000000)
  region size 1024K, 7 young (7168K), 7 survivors (7168K)
 Metaspace       used 35390K, committed 36736K, reserved 393216K
  class space    used 5199K, committed 5888K, reserved 327680K
}
Event: 382.596 GC heap before
{Heap before GC invocations=8 (full 0):
 garbage-first heap   total 262144K, used 180697K [0x00000000e0000000, 0x0000000100000000)
  region size 1024K, 153 young (156672K), 7 survivors (7168K)
 Metaspace       used 48941K, committed 50944K, reserved 393216K
  class space    used 7357K, committed 8320K, reserved 327680K
}
Event: 382.625 GC heap after
{Heap after GC invocations=9 (full 0):
 garbage-first heap   total 262144K, used 40426K [0x00000000e0000000, 0x0000000100000000)
  region size 1024K, 15 young (15360K), 15 survivors (15360K)
 Metaspace       used 48941K, committed 50944K, reserved 393216K
  class space    used 7357K, committed 8320K, reserved 327680K
}

