# JRE version: OpenJDK Runtime Environment Temurin-21.0.12.1+1 (21.0.12.1+1) (build 21.0.12.1+1-LTS)
# Java VM: OpenJDK 64-Bit Server VM Temurin-21.0.12.1+1 (21.0.12.1+1-LTS, mixed mode, sharing, tiered, compressed oops, compressed class ptrs, g1 gc, windows-amd64)
GC Precious Log:
 CardTable entry size: 512
 Card Set container configuration: InlinePtr #cards 5 size 8 Array Of Cards #cards 12 size 40 Howl #buckets 4 coarsen threshold 1843 Howl Bitmap #cards 512 size 80 coarsen threshold 460 Card regions per heap region 1 cards per card region 2048
 CPUs: 8 total, 8 available
 Memory: 16107M
 Large Page Support: Disabled
 NUMA Support: Disabled
 Compressed Oops: Enabled (32-bit)
 Heap Region Size: 1M
 Heap Min Capacity: 256M
 Heap Initial Capacity: 256M
 Heap Max Capacity: 512M
 Pre-touch: Disabled
 Parallel Workers: 8
 Concurrent Workers: 2
 Concurrent Refinement Workers: 8
 Periodic GC: Disabled
Heap:
 garbage-first heap   total 262144K, used 139784K [0x00000000e0000000, 0x0000000100000000)
  region size 1024K, 113 young (115712K), 7 survivors (7168K)
 Metaspace       used 46275K, committed 48064K, reserved 393216K
  class space    used 6994K, committed 7872K, reserved 327680K
GC Heap History (12 events):
Event: 21.939 GC heap before
{Heap before GC invocations=0 (full 0):
 garbage-first heap   total 262144K, used 26624K [0x00000000e0000000, 0x0000000100000000)
  region size 1024K, 23 young (23552K), 0 survivors (0K)
 Metaspace       used 3042K, committed 3264K, reserved 393216K
  class space    used 367K, committed 512K, reserved 327680K
}
Event: 22.383 GC heap after
{Heap after GC invocations=1 (full 0):
 garbage-first heap   total 262144K, used 11199K [0x00000000e0000000, 0x0000000100000000)
  region size 1024K, 3 young (3072K), 3 survivors (3072K)
 Metaspace       used 3042K, committed 3264K, reserved 393216K
  class space    used 367K, committed 512K, reserved 327680K
}
Event: 39.967 GC heap before
{Heap before GC invocations=1 (full 0):
 garbage-first heap   total 262144K, used 39871K [0x00000000e0000000, 0x0000000100000000)
  region size 1024K, 30 young (30720K), 3 survivors (3072K)
 Metaspace       used 4664K, committed 4864K, reserved 393216K
  class space    used 593K, committed 704K, reserved 327680K
}
Event: 39.971 GC heap after
{Heap after GC invocations=2 (full 0):
 garbage-first heap   total 262144K, used 14899K [0x00000000e0000000, 0x0000000100000000)
  region size 1024K, 3 young (3072K), 3 survivors (3072K)
 Metaspace       used 4664K, committed 4864K, reserved 393216K
  class space    used 593K, committed 704K, reserved 327680K
}
Event: 103.162 GC heap before
{Heap before GC invocations=2 (full 0):
 garbage-first heap   total 262144K, used 125491K [0x00000000e0000000, 0x0000000100000000)
  region size 1024K, 112 young (114688K), 3 survivors (3072K)
 Metaspace       used 20855K, committed 21504K, reserved 393216K
  class space    used 2978K, committed 3328K, reserved 327680K
}
Event: 103.730 GC heap after
{Heap after GC invocations=3 (full 0):
 garbage-first heap   total 262144K, used 24880K [0x00000000e0000000, 0x0000000100000000)
  region size 1024K, 12 young (12288K), 12 survivors (12288K)
 Metaspace       used 20855K, committed 21504K, reserved 393216K
  class space    used 2978K, committed 3328K, reserved 327680K
}
Event: 135.760 GC heap before
{Heap before GC invocations=4 (full 0):
 garbage-first heap   total 262144K, used 127280K [0x00000000e0000000, 0x0000000100000000)
  region size 1024K, 114 young (116736K), 12 survivors (12288K)
 Metaspace       used 34720K, committed 36096K, reserved 393216K
  class space    used 5115K, committed 5824K, reserved 327680K
}
Event: 135.774 GC heap after
{Heap after GC invocations=5 (full 0):
 garbage-first heap   total 262144K, used 31560K [0x00000000e0000000, 0x0000000100000000)
  region size 1024K, 7 young (7168K), 7 survivors (7168K)
 Metaspace       used 34720K, committed 36096K, reserved 393216K
  class space    used 5115K, committed 5824K, reserved 327680K
}
Event: 135.898 GC heap before
{Heap before GC invocations=5 (full 0):
 garbage-first heap   total 262144K, used 33608K [0x00000000e0000000, 0x0000000100000000)
  region size 1024K, 10 young (10240K), 7 survivors (7168K)
 Metaspace       used 35100K, committed 36416K, reserved 393216K
  class space    used 5157K, committed 5824K, reserved 327680K
}
Event: 135.902 GC heap after
{Heap after GC invocations=6 (full 0):
 garbage-first heap   total 262144K, used 32046K [0x00000000e0000000, 0x0000000100000000)
  region size 1024K, 7 young (7168K), 7 survivors (7168K)
 Metaspace       used 35100K, committed 36416K, reserved 393216K
  class space    used 5157K, committed 5824K, reserved 327680K
}
Event: 136.021 GC heap before
{Heap before GC invocations=6 (full 0):
 garbage-first heap   total 262144K, used 33070K [0x00000000e0000000, 0x0000000100000000)
  region size 1024K, 9 young (9216K), 7 survivors (7168K)
 Metaspace       used 35387K, committed 36736K, reserved 393216K
  class space    used 5201K, committed 5888K, reserved 327680K
}
Event: 136.026 GC heap after
{Heap after GC invocations=7 (full 0):
 garbage-first heap   total 262144K, used 32264K [0x00000000e0000000, 0x0000000100000000)
  region size 1024K, 7 young (7168K), 7 survivors (7168K)
 Metaspace       used 35387K, committed 36736K, reserved 393216K
  class space    used 5201K, committed 5888K, reserved 327680K
}

