# JRE version: OpenJDK Runtime Environment Temurin-21.0.12.1+1 (21.0.12.1+1) (build 21.0.12.1+1-LTS)
# Java VM: OpenJDK 64-Bit Server VM Temurin-21.0.12.1+1 (21.0.12.1+1-LTS, mixed mode, sharing, tiered, compressed oops, compressed class ptrs, g1 gc, windows-amd64)
GC Precious Log:
 CardTable entry size: 512
 Card Set container configuration: InlinePtr #cards 5 size 8 Array Of Cards #cards 12 size 40 Howl #buckets 4 coarsen threshold 1843 Howl Bitmap #cards 512 size 80 coarsen threshold 460 Card regions per heap region 1 cards per card region 2048
 CPUs: 8 total, 8 available
 Memory: 16107M
 Large Page Support: Disabled
 NUMA Support: Disabled
 Compressed Oops: Enabled (32-bit)
 Heap Region Size: 1M
 Heap Min Capacity: 256M
 Heap Initial Capacity: 256M
 Heap Max Capacity: 512M
 Pre-touch: Disabled
 Parallel Workers: 8
 Concurrent Workers: 2
 Concurrent Refinement Workers: 8
 Periodic GC: Disabled
Heap:
 garbage-first heap   total 262144K, used 148161K [0x00000000e0000000, 0x0000000100000000)
  region size 1024K, 124 young (126976K), 9 survivors (9216K)
 Metaspace       used 46724K, committed 48576K, reserved 393216K
  class space    used 7061K, committed 7936K, reserved 327680K
GC Heap History (14 events):
Event: 32.586 GC heap before
{Heap before GC invocations=0 (full 0):
 garbage-first heap   total 262144K, used 26624K [0x00000000e0000000, 0x0000000100000000)
  region size 1024K, 23 young (23552K), 0 survivors (0K)
 Metaspace       used 2920K, committed 3072K, reserved 393216K
  class space    used 346K, committed 384K, reserved 327680K
}
Event: 32.932 GC heap after
{Heap after GC invocations=1 (full 0):
 garbage-first heap   total 262144K, used 11093K [0x00000000e0000000, 0x0000000100000000)
  region size 1024K, 3 young (3072K), 3 survivors (3072K)
 Metaspace       used 2920K, committed 3072K, reserved 393216K
  class space    used 346K, committed 384K, reserved 327680K
}
Event: 49.879 GC heap before
{Heap before GC invocations=1 (full 0):
 garbage-first heap   total 262144K, used 40789K [0x00000000e0000000, 0x0000000100000000)
  region size 1024K, 31 young (31744K), 3 survivors (3072K)
 Metaspace       used 4678K, committed 4864K, reserved 393216K
  class space    used 594K, committed 704K, reserved 327680K
}
Event: 49.883 GC heap after
{Heap after GC invocations=2 (full 0):
 garbage-first heap   total 262144K, used 15239K [0x00000000e0000000, 0x0000000100000000)
  region size 1024K, 3 young (3072K), 3 survivors (3072K)
 Metaspace       used 4678K, committed 4864K, reserved 393216K
  class space    used 594K, committed 704K, reserved 327680K
}
Event: 113.944 GC heap before
{Heap before GC invocations=2 (full 0):
 garbage-first heap   total 262144K, used 100231K [0x00000000e0000000, 0x0000000100000000)
  region size 1024K, 86 young (88064K), 3 survivors (3072K)
 Metaspace       used 17507K, committed 18048K, reserved 393216K
  class space    used 2411K, committed 2688K, reserved 327680K
}
Event: 114.035 GC heap after
{Heap after GC invocations=3 (full 0):
 garbage-first heap   total 262144K, used 22977K [0x00000000e0000000, 0x0000000100000000)
  region size 1024K, 11 young (11264K), 11 survivors (11264K)
 Metaspace       used 17507K, committed 18048K, reserved 393216K
  class space    used 2411K, committed 2688K, reserved 327680K
}
Event: 124.054 GC heap before
{Heap before GC invocations=3 (full 0):
 garbage-first heap   total 262144K, used 49601K [0x00000000e0000000, 0x0000000100000000)
  region size 1024K, 38 young (38912K), 11 survivors (11264K)
 Metaspace       used 20887K, committed 21504K, reserved 393216K
  class space    used 2971K, committed 3264K, reserved 327680K
}
Event: 124.061 GC heap after
{Heap after GC invocations=4 (full 0):
 garbage-first heap   total 262144K, used 24694K [0x00000000e0000000, 0x0000000100000000)
  region size 1024K, 2 young (2048K), 2 survivors (2048K)
 Metaspace       used 20887K, committed 21504K, reserved 393216K
  class space    used 2971K, committed 3264K, reserved 327680K
}
Event: 160.461 GC heap before
{Heap before GC invocations=5 (full 0):
 garbage-first heap   total 262144K, used 127094K [0x00000000e0000000, 0x0000000100000000)
  region size 1024K, 104 young (106496K), 2 survivors (2048K)
 Metaspace       used 34737K, committed 36096K, reserved 393216K
  class space    used 5117K, committed 5824K, reserved 327680K
}
Event: 160.469 GC heap after
{Heap after GC invocations=6 (full 0):
 garbage-first heap   total 262144K, used 30980K [0x00000000e0000000, 0x0000000100000000)
  region size 1024K, 9 young (9216K), 9 survivors (9216K)
 Metaspace       used 34737K, committed 36096K, reserved 393216K
  class space    used 5117K, committed 5824K, reserved 327680K
}
Event: 160.524 GC heap before
{Heap before GC invocations=6 (full 0):
 garbage-first heap   total 262144K, used 32004K [0x00000000e0000000, 0x0000000100000000)
  region size 1024K, 11 young (11264K), 9 survivors (9216K)
 Metaspace       used 35034K, committed 36416K, reserved 393216K
  class space    used 5152K, committed 5824K, reserved 327680K
}
Event: 160.531 GC heap after
{Heap after GC invocations=7 (full 0):
 garbage-first heap   total 262144K, used 31194K [0x00000000e0000000, 0x0000000100000000)
  region size 1024K, 9 young (9216K), 9 survivors (9216K)
 Metaspace       used 35034K, committed 36416K, reserved 393216K
  class space    used 5152K, committed 5824K, reserved 327680K
}
Event: 160.638 GC heap before
{Heap before GC invocations=7 (full 0):
 garbage-first heap   total 262144K, used 32218K [0x00000000e0000000, 0x0000000100000000)
  region size 1024K, 11 young (11264K), 9 survivors (9216K)
 Metaspace       used 35399K, committed 36736K, reserved 393216K
  class space    used 5206K, committed 5888K, reserved 327680K
}
Event: 160.644 GC heap after
{Heap after GC invocations=8 (full 0):
 garbage-first heap   total 262144K, used 31425K [0x00000000e0000000, 0x0000000100000000)
  region size 1024K, 9 young (9216K), 9 survivors (9216K)
 Metaspace       used 35399K, committed 36736K, reserved 393216K
  class space    used 5206K, committed 5888K, reserved 327680K
}

