# JRE version: OpenJDK Runtime Environment Temurin-21.0.12.1+1 (21.0.12.1+1) (build 21.0.12.1+1-LTS)
# Java VM: OpenJDK 64-Bit Server VM Temurin-21.0.12.1+1 (21.0.12.1+1-LTS, mixed mode, sharing, tiered, compressed oops, compressed class ptrs, g1 gc, windows-amd64)
GC Precious Log:
 CardTable entry size: 512
 Card Set container configuration: InlinePtr #cards 5 size 8 Array Of Cards #cards 12 size 40 Howl #buckets 4 coarsen threshold 1843 Howl Bitmap #cards 512 size 80 coarsen threshold 460 Card regions per heap region 1 cards per card region 2048
 CPUs: 8 total, 8 available
 Memory: 16107M
 Large Page Support: Disabled
 NUMA Support: Disabled
 Compressed Oops: Enabled (32-bit)
 Heap Region Size: 1M
 Heap Min Capacity: 256M
 Heap Initial Capacity: 256M
 Heap Max Capacity: 512M
 Pre-touch: Disabled
 Parallel Workers: 8
 Concurrent Workers: 2
 Concurrent Refinement Workers: 8
 Periodic GC: Disabled
Heap:
 garbage-first heap   total 262144K, used 142327K [0x00000000e0000000, 0x0000000100000000)
  region size 1024K, 118 young (120832K), 9 survivors (9216K)
 Metaspace       used 46721K, committed 48512K, reserved 393216K
  class space    used 6940K, committed 7808K, reserved 327680K
GC Heap History (14 events):
Event: 7.333 GC heap before
{Heap before GC invocations=0 (full 0):
 garbage-first heap   total 262144K, used 26624K [0x00000000e0000000, 0x0000000100000000)
  region size 1024K, 23 young (23552K), 0 survivors (0K)
 Metaspace       used 2905K, committed 3072K, reserved 393216K
  class space    used 346K, committed 384K, reserved 327680K
}
Event: 7.879 GC heap after
{Heap after GC invocations=1 (full 0):
 garbage-first heap   total 262144K, used 11733K [0x00000000e0000000, 0x0000000100000000)
  region size 1024K, 3 young (3072K), 3 survivors (3072K)
 Metaspace       used 2905K, committed 3072K, reserved 393216K
  class space    used 346K, committed 384K, reserved 327680K
}
Event: 14.060 GC heap before
{Heap before GC invocations=1 (full 0):
 garbage-first heap   total 262144K, used 40405K [0x00000000e0000000, 0x0000000100000000)
  region size 1024K, 30 young (30720K), 3 survivors (3072K)
 Metaspace       used 4630K, committed 4864K, reserved 393216K
  class space    used 595K, committed 704K, reserved 327680K
}
Event: 14.065 GC heap after
{Heap after GC invocations=2 (full 0):
 garbage-first heap   total 262144K, used 14650K [0x00000000e0000000, 0x0000000100000000)
  region size 1024K, 2 young (2048K), 2 survivors (2048K)
 Metaspace       used 4630K, committed 4864K, reserved 393216K
  class space    used 595K, committed 704K, reserved 327680K
}
Event: 51.050 GC heap before
{Heap before GC invocations=2 (full 0):
 garbage-first heap   total 262144K, used 105786K [0x00000000e0000000, 0x0000000100000000)
  region size 1024K, 91 young (93184K), 2 survivors (2048K)
 Metaspace       used 18185K, committed 18752K, reserved 393216K
  class space    used 2529K, committed 2816K, reserved 327680K
}
Event: 51.138 GC heap after
{Heap after GC invocations=3 (full 0):
 garbage-first heap   total 262144K, used 23295K [0x00000000e0000000, 0x0000000100000000)
  region size 1024K, 11 young (11264K), 11 survivors (11264K)
 Metaspace       used 18185K, committed 18752K, reserved 393216K
  class space    used 2529K, committed 2816K, reserved 327680K
}
Event: 52.231 GC heap before
{Heap before GC invocations=3 (full 0):
 garbage-first heap   total 262144K, used 43775K [0x00000000e0000000, 0x0000000100000000)
  region size 1024K, 32 young (32768K), 11 survivors (11264K)
 Metaspace       used 20852K, committed 21504K, reserved 393216K
  class space    used 2979K, committed 3328K, reserved 327680K
}
Event: 52.239 GC heap after
{Heap after GC invocations=4 (full 0):
 garbage-first heap   total 262144K, used 25285K [0x00000000e0000000, 0x0000000100000000)
  region size 1024K, 2 young (2048K), 2 survivors (2048K)
 Metaspace       used 20852K, committed 21504K, reserved 393216K
  class space    used 2979K, committed 3328K, reserved 327680K
}
Event: 60.785 GC heap before
{Heap before GC invocations=5 (full 0):
 garbage-first heap   total 262144K, used 126661K [0x00000000e0000000, 0x0000000100000000)
  region size 1024K, 101 young (103424K), 2 survivors (2048K)
 Metaspace       used 34658K, committed 35968K, reserved 393216K
  class space    used 4967K, committed 5632K, reserved 327680K
}
Event: 60.792 GC heap after
{Heap after GC invocations=6 (full 0):
 garbage-first heap   total 262144K, used 30818K [0x00000000e0000000, 0x0000000100000000)
  region size 1024K, 8 young (8192K), 8 survivors (8192K)
 Metaspace       used 34658K, committed 35968K, reserved 393216K
  class space    used 4967K, committed 5632K, reserved 327680K
}
Event: 61.010 GC heap before
{Heap before GC invocations=6 (full 0):
 garbage-first heap   total 262144K, used 31842K [0x00000000e0000000, 0x0000000100000000)
  region size 1024K, 10 young (10240K), 8 survivors (8192K)
 Metaspace       used 34986K, committed 36288K, reserved 393216K
  class space    used 4991K, committed 5632K, reserved 327680K
}
Event: 61.015 GC heap after
{Heap after GC invocations=7 (full 0):
 garbage-first heap   total 262144K, used 31107K [0x00000000e0000000, 0x0000000100000000)
  region size 1024K, 8 young (8192K), 8 survivors (8192K)
 Metaspace       used 34986K, committed 36288K, reserved 393216K
  class space    used 4991K, committed 5632K, reserved 327680K
}
Event: 61.074 GC heap before
{Heap before GC invocations=7 (full 0):
 garbage-first heap   total 262144K, used 32131K [0x00000000e0000000, 0x0000000100000000)
  region size 1024K, 10 young (10240K), 8 survivors (8192K)
 Metaspace       used 35251K, committed 36608K, reserved 393216K
  class space    used 5021K, committed 5696K, reserved 327680K
}
Event: 61.079 GC heap after
{Heap after GC invocations=8 (full 0):
 garbage-first heap   total 262144K, used 31735K [0x00000000e0000000, 0x0000000100000000)
  region size 1024K, 9 young (9216K), 9 survivors (9216K)
 Metaspace       used 35251K, committed 36608K, reserved 393216K
  class space    used 5021K, committed 5696K, reserved 327680K
}

