# JRE version: OpenJDK Runtime Environment Temurin-21.0.12.1+1 (21.0.12.1+1) (build 21.0.12.1+1-LTS)
# Java VM: OpenJDK 64-Bit Server VM Temurin-21.0.12.1+1 (21.0.12.1+1-LTS, mixed mode, sharing, tiered, compressed oops, compressed class ptrs, g1 gc, windows-amd64)
GC Precious Log:
 CardTable entry size: 512
 Card Set container configuration: InlinePtr #cards 5 size 8 Array Of Cards #cards 12 size 40 Howl #buckets 4 coarsen threshold 1843 Howl Bitmap #cards 512 size 80 coarsen threshold 460 Card regions per heap region 1 cards per card region 2048
 CPUs: 8 total, 8 available
 Memory: 16107M
 Large Page Support: Disabled
 NUMA Support: Disabled
 Compressed Oops: Enabled (32-bit)
 Heap Region Size: 1M
 Heap Min Capacity: 256M
 Heap Initial Capacity: 256M
 Heap Max Capacity: 512M
 Pre-touch: Disabled
 Parallel Workers: 8
 Concurrent Workers: 2
 Concurrent Refinement Workers: 8
 Periodic GC: Disabled
Heap:
 garbage-first heap   total 262144K, used 82909K [0x00000000e0000000, 0x0000000100000000)
  region size 1024K, 60 young (61440K), 9 survivors (9216K)
 Metaspace       used 40589K, committed 42176K, reserved 393216K
  class space    used 6032K, committed 6784K, reserved 327680K
GC Heap History (14 events):
Event: 9.383 GC heap before
{Heap before GC invocations=0 (full 0):
 garbage-first heap   total 262144K, used 26624K [0x00000000e0000000, 0x0000000100000000)
  region size 1024K, 23 young (23552K), 0 survivors (0K)
 Metaspace       used 2976K, committed 3072K, reserved 393216K
  class space    used 352K, committed 384K, reserved 327680K
}
Event: 9.501 GC heap after
{Heap after GC invocations=1 (full 0):
 garbage-first heap   total 262144K, used 11093K [0x00000000e0000000, 0x0000000100000000)
  region size 1024K, 3 young (3072K), 3 survivors (3072K)
 Metaspace       used 2976K, committed 3072K, reserved 393216K
  class space    used 352K, committed 384K, reserved 327680K
}
Event: 21.305 GC heap before
{Heap before GC invocations=1 (full 0):
 garbage-first heap   total 262144K, used 41813K [0x00000000e0000000, 0x0000000100000000)
  region size 1024K, 31 young (31744K), 3 survivors (3072K)
 Metaspace       used 4685K, committed 4864K, reserved 393216K
  class space    used 593K, committed 704K, reserved 327680K
}
Event: 21.308 GC heap after
{Heap after GC invocations=2 (full 0):
 garbage-first heap   total 262144K, used 15298K [0x00000000e0000000, 0x0000000100000000)
  region size 1024K, 3 young (3072K), 3 survivors (3072K)
 Metaspace       used 4685K, committed 4864K, reserved 393216K
  class space    used 593K, committed 704K, reserved 327680K
}
Event: 47.960 GC heap before
{Heap before GC invocations=2 (full 0):
 garbage-first heap   total 262144K, used 106434K [0x00000000e0000000, 0x0000000100000000)
  region size 1024K, 92 young (94208K), 3 survivors (3072K)
 Metaspace       used 18454K, committed 19008K, reserved 393216K
  class space    used 2571K, committed 2880K, reserved 327680K
}
Event: 48.040 GC heap after
{Heap after GC invocations=3 (full 0):
 garbage-first heap   total 262144K, used 23202K [0x00000000e0000000, 0x0000000100000000)
  region size 1024K, 11 young (11264K), 11 survivors (11264K)
 Metaspace       used 18454K, committed 19008K, reserved 393216K
  class space    used 2571K, committed 2880K, reserved 327680K
}
Event: 50.322 GC heap before
{Heap before GC invocations=3 (full 0):
 garbage-first heap   total 262144K, used 41634K [0x00000000e0000000, 0x0000000100000000)
  region size 1024K, 30 young (30720K), 11 survivors (11264K)
 Metaspace       used 20855K, committed 21504K, reserved 393216K
  class space    used 2975K, committed 3328K, reserved 327680K
}
Event: 50.331 GC heap after
{Heap after GC invocations=4 (full 0):
 garbage-first heap   total 262144K, used 25094K [0x00000000e0000000, 0x0000000100000000)
  region size 1024K, 2 young (2048K), 2 survivors (2048K)
 Metaspace       used 20855K, committed 21504K, reserved 393216K
  class space    used 2975K, committed 3328K, reserved 327680K
}
Event: 88.673 GC heap before
{Heap before GC invocations=5 (full 0):
 garbage-first heap   total 262144K, used 127494K [0x00000000e0000000, 0x0000000100000000)
  region size 1024K, 104 young (106496K), 2 survivors (2048K)
 Metaspace       used 34616K, committed 35968K, reserved 393216K
  class space    used 5097K, committed 5760K, reserved 327680K
}
Event: 88.681 GC heap after
{Heap after GC invocations=6 (full 0):
 garbage-first heap   total 262144K, used 30800K [0x00000000e0000000, 0x0000000100000000)
  region size 1024K, 8 young (8192K), 8 survivors (8192K)
 Metaspace       used 34616K, committed 35968K, reserved 393216K
  class space    used 5097K, committed 5760K, reserved 327680K
}
Event: 89.197 GC heap before
{Heap before GC invocations=6 (full 0):
 garbage-first heap   total 262144K, used 31824K [0x00000000e0000000, 0x0000000100000000)
  region size 1024K, 10 young (10240K), 8 survivors (8192K)
 Metaspace       used 34935K, committed 36288K, reserved 393216K
  class space    used 5137K, committed 5824K, reserved 327680K
}
Event: 89.204 GC heap after
{Heap after GC invocations=7 (full 0):
 garbage-first heap   total 262144K, used 31189K [0x00000000e0000000, 0x0000000100000000)
  region size 1024K, 8 young (8192K), 8 survivors (8192K)
 Metaspace       used 34935K, committed 36288K, reserved 393216K
  class space    used 5137K, committed 5824K, reserved 327680K
}
Event: 90.544 GC heap before
{Heap before GC invocations=7 (full 0):
 garbage-first heap   total 262144K, used 32213K [0x00000000e0000000, 0x0000000100000000)
  region size 1024K, 10 young (10240K), 8 survivors (8192K)
 Metaspace       used 35226K, committed 36608K, reserved 393216K
  class space    used 5181K, committed 5824K, reserved 327680K
}
Event: 90.550 GC heap after
{Heap after GC invocations=8 (full 0):
 garbage-first heap   total 262144K, used 31709K [0x00000000e0000000, 0x0000000100000000)
  region size 1024K, 9 young (9216K), 9 survivors (9216K)
 Metaspace       used 35226K, committed 36608K, reserved 393216K
  class space    used 5181K, committed 5824K, reserved 327680K
}

