# JRE version: OpenJDK Runtime Environment Temurin-21.0.12.1+1 (21.0.12.1+1) (build 21.0.12.1+1-LTS)
# Java VM: OpenJDK 64-Bit Server VM Temurin-21.0.12.1+1 (21.0.12.1+1-LTS, mixed mode, sharing, tiered, compressed oops, compressed class ptrs, g1 gc, windows-amd64)
GC Precious Log:
 CardTable entry size: 512
 Card Set container configuration: InlinePtr #cards 5 size 8 Array Of Cards #cards 12 size 40 Howl #buckets 4 coarsen threshold 1843 Howl Bitmap #cards 512 size 80 coarsen threshold 460 Card regions per heap region 1 cards per card region 2048
 CPUs: 8 total, 8 available
 Memory: 16107M
 Large Page Support: Disabled
 NUMA Support: Disabled
 Compressed Oops: Enabled (32-bit)
 Heap Region Size: 1M
 Heap Min Capacity: 256M
 Heap Initial Capacity: 256M
 Heap Max Capacity: 512M
 Pre-touch: Disabled
 Parallel Workers: 8
 Concurrent Workers: 2
 Concurrent Refinement Workers: 8
 Periodic GC: Disabled
Heap:
 garbage-first heap   total 262144K, used 151670K [0x00000000e0000000, 0x0000000100000000)
  region size 1024K, 128 young (131072K), 10 survivors (10240K)
 Metaspace       used 47309K, committed 49216K, reserved 393216K
  class space    used 7122K, committed 8064K, reserved 327680K
GC Heap History (14 events):
Event: 12.251 GC heap before
{Heap before GC invocations=0 (full 0):
 garbage-first heap   total 262144K, used 26624K [0x00000000e0000000, 0x0000000100000000)
  region size 1024K, 23 young (23552K), 0 survivors (0K)
 Metaspace       used 2934K, committed 3072K, reserved 393216K
  class space    used 346K, committed 384K, reserved 327680K
}
Event: 12.564 GC heap after
{Heap after GC invocations=1 (full 0):
 garbage-first heap   total 262144K, used 11775K [0x00000000e0000000, 0x0000000100000000)
  region size 1024K, 3 young (3072K), 3 survivors (3072K)
 Metaspace       used 2934K, committed 3072K, reserved 393216K
  class space    used 346K, committed 384K, reserved 327680K
}
Event: 28.508 GC heap before
{Heap before GC invocations=1 (full 0):
 garbage-first heap   total 262144K, used 41471K [0x00000000e0000000, 0x0000000100000000)
  region size 1024K, 31 young (31744K), 3 survivors (3072K)
 Metaspace       used 4667K, committed 4864K, reserved 393216K
  class space    used 590K, committed 704K, reserved 327680K
}
Event: 28.511 GC heap after
{Heap after GC invocations=2 (full 0):
 garbage-first heap   total 262144K, used 15299K [0x00000000e0000000, 0x0000000100000000)
  region size 1024K, 3 young (3072K), 3 survivors (3072K)
 Metaspace       used 4667K, committed 4864K, reserved 393216K
  class space    used 590K, committed 704K, reserved 327680K
}
Event: 150.702 GC heap before
{Heap before GC invocations=2 (full 0):
 garbage-first heap   total 262144K, used 102339K [0x00000000e0000000, 0x0000000100000000)
  region size 1024K, 88 young (90112K), 3 survivors (3072K)
 Metaspace       used 15659K, committed 16128K, reserved 393216K
  class space    used 2083K, committed 2304K, reserved 327680K
}
Event: 150.735 GC heap after
{Heap after GC invocations=3 (full 0):
 garbage-first heap   total 262144K, used 22174K [0x00000000e0000000, 0x0000000100000000)
  region size 1024K, 10 young (10240K), 10 survivors (10240K)
 Metaspace       used 15659K, committed 16128K, reserved 393216K
  class space    used 2083K, committed 2304K, reserved 327680K
}
Event: 170.239 GC heap before
{Heap before GC invocations=3 (full 0):
 garbage-first heap   total 262144K, used 59038K [0x00000000e0000000, 0x0000000100000000)
  region size 1024K, 47 young (48128K), 10 survivors (10240K)
 Metaspace       used 20911K, committed 21504K, reserved 393216K
  class space    used 2916K, committed 3200K, reserved 327680K
}
Event: 170.248 GC heap after
{Heap after GC invocations=4 (full 0):
 garbage-first heap   total 262144K, used 25377K [0x00000000e0000000, 0x0000000100000000)
  region size 1024K, 10 young (10240K), 10 survivors (10240K)
 Metaspace       used 20911K, committed 21504K, reserved 393216K
  class space    used 2916K, committed 3200K, reserved 327680K
}
Event: 225.993 GC heap before
{Heap before GC invocations=5 (full 0):
 garbage-first heap   total 262144K, used 130849K [0x00000000e0000000, 0x0000000100000000)
  region size 1024K, 115 young (117760K), 10 survivors (10240K)
 Metaspace       used 34616K, committed 35968K, reserved 393216K
  class space    used 5117K, committed 5824K, reserved 327680K
}
Event: 226.006 GC heap after
{Heap after GC invocations=6 (full 0):
 garbage-first heap   total 262144K, used 30775K [0x00000000e0000000, 0x0000000100000000)
  region size 1024K, 9 young (9216K), 9 survivors (9216K)
 Metaspace       used 34616K, committed 35968K, reserved 393216K
  class space    used 5117K, committed 5824K, reserved 327680K
}
Event: 226.087 GC heap before
{Heap before GC invocations=6 (full 0):
 garbage-first heap   total 262144K, used 31799K [0x00000000e0000000, 0x0000000100000000)
  region size 1024K, 11 young (11264K), 9 survivors (9216K)
 Metaspace       used 34907K, committed 36288K, reserved 393216K
  class space    used 5139K, committed 5824K, reserved 327680K
}
Event: 226.094 GC heap after
{Heap after GC invocations=7 (full 0):
 garbage-first heap   total 262144K, used 31026K [0x00000000e0000000, 0x0000000100000000)
  region size 1024K, 9 young (9216K), 9 survivors (9216K)
 Metaspace       used 34907K, committed 36288K, reserved 393216K
  class space    used 5139K, committed 5824K, reserved 327680K
}
Event: 226.383 GC heap before
{Heap before GC invocations=7 (full 0):
 garbage-first heap   total 262144K, used 34098K [0x00000000e0000000, 0x0000000100000000)
  region size 1024K, 13 young (13312K), 9 survivors (9216K)
 Metaspace       used 35214K, committed 36608K, reserved 393216K
  class space    used 5183K, committed 5888K, reserved 327680K
}
Event: 226.389 GC heap after
{Heap after GC invocations=8 (full 0):
 garbage-first heap   total 262144K, used 31862K [0x00000000e0000000, 0x0000000100000000)
  region size 1024K, 10 young (10240K), 10 survivors (10240K)
 Metaspace       used 35214K, committed 36608K, reserved 393216K
  class space    used 5183K, committed 5888K, reserved 327680K
}

