# JRE version: OpenJDK Runtime Environment Temurin-21.0.12.1+1 (21.0.12.1+1) (build 21.0.12.1+1-LTS)
# Java VM: OpenJDK 64-Bit Server VM Temurin-21.0.12.1+1 (21.0.12.1+1-LTS, mixed mode, sharing, tiered, compressed oops, compressed class ptrs, g1 gc, windows-amd64)
GC Precious Log:
 CardTable entry size: 512
 Card Set container configuration: InlinePtr #cards 5 size 8 Array Of Cards #cards 12 size 40 Howl #buckets 4 coarsen threshold 1843 Howl Bitmap #cards 512 size 80 coarsen threshold 460 Card regions per heap region 1 cards per card region 2048
 CPUs: 8 total, 8 available
 Memory: 16107M
 Large Page Support: Disabled
 NUMA Support: Disabled
 Compressed Oops: Enabled (32-bit)
 Heap Region Size: 1M
 Heap Min Capacity: 256M
 Heap Initial Capacity: 256M
 Heap Max Capacity: 512M
 Pre-touch: Disabled
 Parallel Workers: 8
 Concurrent Workers: 2
 Concurrent Refinement Workers: 8
 Periodic GC: Disabled
Heap:
 garbage-first heap   total 262144K, used 117318K [0x00000000e0000000, 0x0000000100000000)
  region size 1024K, 68 young (69632K), 4 survivors (4096K)
 Metaspace       used 59759K, committed 61952K, reserved 393216K
  class space    used 8902K, committed 9984K, reserved 327680K
GC Heap History (20 events):
Event: 9.368 GC heap before
{Heap before GC invocations=0 (full 0):
 garbage-first heap   total 262144K, used 26624K [0x00000000e0000000, 0x0000000100000000)
  region size 1024K, 23 young (23552K), 0 survivors (0K)
 Metaspace       used 2902K, committed 3072K, reserved 393216K
  class space    used 346K, committed 384K, reserved 327680K
}
Event: 9.962 GC heap after
{Heap after GC invocations=1 (full 0):
 garbage-first heap   total 262144K, used 11775K [0x00000000e0000000, 0x0000000100000000)
  region size 1024K, 3 young (3072K), 3 survivors (3072K)
 Metaspace       used 2902K, committed 3072K, reserved 393216K
  class space    used 346K, committed 384K, reserved 327680K
}
Event: 20.764 GC heap before
{Heap before GC invocations=1 (full 0):
 garbage-first heap   total 262144K, used 40447K [0x00000000e0000000, 0x0000000100000000)
  region size 1024K, 30 young (30720K), 3 survivors (3072K)
 Metaspace       used 4635K, committed 4800K, reserved 393216K
  class space    used 596K, committed 704K, reserved 327680K
}
Event: 20.767 GC heap after
{Heap after GC invocations=2 (full 0):
 garbage-first heap   total 262144K, used 14415K [0x00000000e0000000, 0x0000000100000000)
  region size 1024K, 3 young (3072K), 3 survivors (3072K)
 Metaspace       used 4635K, committed 4800K, reserved 393216K
  class space    used 596K, committed 704K, reserved 327680K
}
Event: 74.788 GC heap before
{Heap before GC invocations=2 (full 0):
 garbage-first heap   total 262144K, used 102479K [0x00000000e0000000, 0x0000000100000000)
  region size 1024K, 89 young (91136K), 3 survivors (3072K)
 Metaspace       used 17710K, committed 18240K, reserved 393216K
  class space    used 2462K, committed 2752K, reserved 327680K
}
Event: 74.924 GC heap after
{Heap after GC invocations=3 (full 0):
 garbage-first heap   total 262144K, used 22939K [0x00000000e0000000, 0x0000000100000000)
  region size 1024K, 11 young (11264K), 11 survivors (11264K)
 Metaspace       used 17710K, committed 18240K, reserved 393216K
  class space    used 2462K, committed 2752K, reserved 327680K
}
Event: 77.425 GC heap before
{Heap before GC invocations=3 (full 0):
 garbage-first heap   total 262144K, used 47515K [0x00000000e0000000, 0x0000000100000000)
  region size 1024K, 36 young (36864K), 11 survivors (11264K)
 Metaspace       used 20856K, committed 21504K, reserved 393216K
  class space    used 2982K, committed 3328K, reserved 327680K
}
Event: 77.435 GC heap after
{Heap after GC invocations=4 (full 0):
 garbage-first heap   total 262144K, used 24742K [0x00000000e0000000, 0x0000000100000000)
  region size 1024K, 2 young (2048K), 2 survivors (2048K)
 Metaspace       used 20856K, committed 21504K, reserved 393216K
  class space    used 2982K, committed 3328K, reserved 327680K
}
Event: 95.269 GC heap before
{Heap before GC invocations=5 (full 0):
 garbage-first heap   total 262144K, used 125094K [0x00000000e0000000, 0x0000000100000000)
  region size 1024K, 102 young (104448K), 2 survivors (2048K)
 Metaspace       used 34604K, committed 35968K, reserved 393216K
  class space    used 5126K, committed 5824K, reserved 327680K
}
Event: 95.281 GC heap after
{Heap after GC invocations=6 (full 0):
 garbage-first heap   total 262144K, used 30749K [0x00000000e0000000, 0x0000000100000000)
  region size 1024K, 8 young (8192K), 8 survivors (8192K)
 Metaspace       used 34604K, committed 35968K, reserved 393216K
  class space    used 5126K, committed 5824K, reserved 327680K
}
Event: 95.361 GC heap before
{Heap before GC invocations=6 (full 0):
 garbage-first heap   total 262144K, used 31773K [0x00000000e0000000, 0x0000000100000000)
  region size 1024K, 10 young (10240K), 8 survivors (8192K)
 Metaspace       used 34905K, committed 36288K, reserved 393216K
  class space    used 5153K, committed 5824K, reserved 327680K
}
Event: 95.367 GC heap after
{Heap after GC invocations=7 (full 0):
 garbage-first heap   total 262144K, used 30870K [0x00000000e0000000, 0x0000000100000000)
  region size 1024K, 9 young (9216K), 9 survivors (9216K)
 Metaspace       used 34905K, committed 36288K, reserved 393216K
  class space    used 5153K, committed 5824K, reserved 327680K
}
Event: 95.460 GC heap before
{Heap before GC invocations=7 (full 0):
 garbage-first heap   total 262144K, used 31894K [0x00000000e0000000, 0x0000000100000000)
  region size 1024K, 11 young (11264K), 9 survivors (9216K)
 Metaspace       used 35271K, committed 36608K, reserved 393216K
  class space    used 5209K, committed 5888K, reserved 327680K
}
Event: 95.465 GC heap after
{Heap after GC invocations=8 (full 0):
 garbage-first heap   total 262144K, used 31075K [0x00000000e0000000, 0x0000000100000000)
  region size 1024K, 9 young (9216K), 9 survivors (9216K)
 Metaspace       used 35271K, committed 36608K, reserved 393216K
  class space    used 5209K, committed 5888K, reserved 327680K
}
Event: 186.258 GC heap before
{Heap before GC invocations=9 (full 0):
 garbage-first heap   total 262144K, used 178531K [0x00000000e0000000, 0x0000000100000000)
  region size 1024K, 153 young (156672K), 9 survivors (9216K)
 Metaspace       used 49126K, committed 51200K, reserved 393216K
  class space    used 7438K, committed 8448K, reserved 327680K
}
Event: 186.286 GC heap after
{Heap after GC invocations=10 (full 0):
 garbage-first heap   total 262144K, used 39673K [0x00000000e0000000, 0x0000000100000000)
  region size 1024K, 17 young (17408K), 17 survivors (17408K)
 Metaspace       used 49126K, committed 51200K, reserved 393216K
  class space    used 7438K, committed 8448K, reserved 327680K
}
Event: 251.005 GC heap before
{Heap before GC invocations=10 (full 0):
 garbage-first heap   total 262144K, used 179961K [0x00000000e0000000, 0x0000000100000000)
  region size 1024K, 153 young (156672K), 17 survivors (17408K)
 Metaspace       used 57796K, committed 60096K, reserved 393216K
  class space    used 8689K, committed 9792K, reserved 327680K
}
Event: 251.038 GC heap after
{Heap after GC invocations=11 (full 0):
 garbage-first heap   total 262144K, used 50070K [0x00000000e0000000, 0x0000000100000000)
  region size 1024K, 20 young (20480K), 20 survivors (20480K)
 Metaspace       used 57796K, committed 60096K, reserved 393216K
  class space    used 8689K, committed 9792K, reserved 327680K
}
Event: 253.215 GC heap before
{Heap before GC invocations=11 (full 0):
 garbage-first heap   total 262144K, used 69526K [0x00000000e0000000, 0x0000000100000000)
  region size 1024K, 40 young (40960K), 20 survivors (20480K)
 Metaspace       used 58983K, committed 61248K, reserved 393216K
  class space    used 8871K, committed 9984K, reserved 327680K
}
Event: 253.236 GC heap after
{Heap after GC invocations=12 (full 0):
 garbage-first heap   total 262144K, used 53830K [0x00000000e0000000, 0x0000000100000000)
  region size 1024K, 4 young (4096K), 4 survivors (4096K)
 Metaspace       used 58983K, committed 61248K, reserved 393216K
  class space    used 8871K, committed 9984K, reserved 327680K
}

