# JRE version: Java(TM) SE Runtime Environment (17.0.12+8) (build 17.0.12+8-LTS-286)
# Java VM: Java HotSpot(TM) 64-Bit Server VM (17.0.12+8-LTS-286, mixed mode, sharing, tiered, compressed oops, compressed class ptrs, g1 gc, windows-amd64)
GC Precious Log:
 CPUs: 8 total, 8 available
 Memory: 16107M
 Large Page Support: Disabled
 NUMA Support: Disabled
 Compressed Oops: Enabled (32-bit)
 Heap Region Size: 1M
 Heap Min Capacity: 256M
 Heap Initial Capacity: 256M
 Heap Max Capacity: 512M
 Pre-touch: Disabled
 Parallel Workers: 8
 Concurrent Workers: 2
 Concurrent Refinement Workers: 8
 Periodic GC: Disabled
Heap:
 garbage-first heap   total 262144K, used 87157K [0x00000000e0000000, 0x0000000100000000)
  region size 1024K, 64 young (65536K), 3 survivors (3072K)
 Metaspace       used 29238K, committed 29632K, reserved 393216K
  class space    used 4048K, committed 4224K, reserved 327680K
GC Heap History (8 events):
Event: 14.801 GC heap before
{Heap before GC invocations=0 (full 0):
 garbage-first heap   total 262144K, used 26624K [0x00000000e0000000, 0x0000000100000000)
  region size 1024K, 23 young (23552K), 0 survivors (0K)
 Metaspace       used 2977K, committed 3136K, reserved 393216K
  class space    used 350K, committed 384K, reserved 327680K
}
Event: 15.857 GC heap after
{Heap after GC invocations=1 (full 0):
 garbage-first heap   total 262144K, used 11127K [0x00000000e0000000, 0x0000000100000000)
  region size 1024K, 3 young (3072K), 3 survivors (3072K)
 Metaspace       used 2977K, committed 3136K, reserved 393216K
  class space    used 350K, committed 384K, reserved 327680K
}
Event: 37.947 GC heap before
{Heap before GC invocations=1 (full 0):
 garbage-first heap   total 262144K, used 37751K [0x00000000e0000000, 0x0000000100000000)
  region size 1024K, 29 young (29696K), 3 survivors (3072K)
 Metaspace       used 4634K, committed 4800K, reserved 393216K
  class space    used 584K, committed 640K, reserved 327680K
}
Event: 37.949 GC heap after
{Heap after GC invocations=2 (full 0):
 garbage-first heap   total 262144K, used 12459K [0x00000000e0000000, 0x0000000100000000)
  region size 1024K, 2 young (2048K), 2 survivors (2048K)
 Metaspace       used 4634K, committed 4800K, reserved 393216K
  class space    used 584K, committed 640K, reserved 327680K
}
Event: 217.505 GC heap before
{Heap before GC invocations=2 (full 0):
 garbage-first heap   total 262144K, used 111787K [0x00000000e0000000, 0x0000000100000000)
  region size 1024K, 97 young (99328K), 2 survivors (2048K)
 Metaspace       used 17318K, committed 17600K, reserved 393216K
  class space    used 2346K, committed 2496K, reserved 327680K
}
Event: 217.558 GC heap after
{Heap after GC invocations=3 (full 0):
 garbage-first heap   total 262144K, used 22313K [0x00000000e0000000, 0x0000000100000000)
  region size 1024K, 10 young (10240K), 10 survivors (10240K)
 Metaspace       used 17318K, committed 17600K, reserved 393216K
  class space    used 2346K, committed 2496K, reserved 327680K
}
Event: 219.012 GC heap before
{Heap before GC invocations=3 (full 0):
 garbage-first heap   total 262144K, used 53033K [0x00000000e0000000, 0x0000000100000000)
  region size 1024K, 41 young (41984K), 10 survivors (10240K)
 Metaspace       used 21202K, committed 21504K, reserved 393216K
  class space    used 2989K, committed 3136K, reserved 327680K
}
Event: 219.018 GC heap after
{Heap after GC invocations=4 (full 0):
 garbage-first heap   total 262144K, used 24693K [0x00000000e0000000, 0x0000000100000000)
  region size 1024K, 3 young (3072K), 3 survivors (3072K)
 Metaspace       used 21202K, committed 21504K, reserved 393216K
  class space    used 2989K, committed 3136K, reserved 327680K
}

