# JRE version: OpenJDK Runtime Environment Temurin-21.0.12.1+1 (21.0.12.1+1) (build 21.0.12.1+1-LTS)
# Java VM: OpenJDK 64-Bit Server VM Temurin-21.0.12.1+1 (21.0.12.1+1-LTS, mixed mode, sharing, tiered, compressed oops, compressed class ptrs, g1 gc, windows-amd64)
GC Precious Log:
 CardTable entry size: 512
 Card Set container configuration: InlinePtr #cards 5 size 8 Array Of Cards #cards 12 size 40 Howl #buckets 4 coarsen threshold 1843 Howl Bitmap #cards 512 size 80 coarsen threshold 460 Card regions per heap region 1 cards per card region 2048
 CPUs: 8 total, 8 available
 Memory: 16107M
 Large Page Support: Disabled
 NUMA Support: Disabled
 Compressed Oops: Enabled (32-bit)
 Heap Region Size: 1M
 Heap Min Capacity: 256M
 Heap Initial Capacity: 256M
 Heap Max Capacity: 512M
 Pre-touch: Disabled
 Parallel Workers: 8
 Concurrent Workers: 2
 Concurrent Refinement Workers: 8
 Periodic GC: Disabled
Heap:
 garbage-first heap   total 262144K, used 49200K [0x00000000e0000000, 0x0000000100000000)
  region size 1024K, 12 young (12288K), 4 survivors (4096K)
 Metaspace       used 51623K, committed 53696K, reserved 393216K
  class space    used 7809K, committed 8832K, reserved 327680K
GC Heap History (20 events):
Event: 215.337 GC heap before
{Heap before GC invocations=5 (full 0):
 garbage-first heap   total 262144K, used 35663K [0x00000000e0000000, 0x0000000100000000)
  region size 1024K, 12 young (12288K), 2 survivors (2048K)
 Metaspace       used 22006K, committed 22656K, reserved 393216K
  class space    used 3176K, committed 3520K, reserved 327680K
}
Event: 215.351 GC heap after
{Heap after GC invocations=6 (full 0):
 garbage-first heap   total 262144K, used 25291K [0x00000000e0000000, 0x0000000100000000)
  region size 1024K, 2 young (2048K), 2 survivors (2048K)
 Metaspace       used 22006K, committed 22656K, reserved 393216K
  class space    used 3176K, committed 3520K, reserved 327680K
}
Event: 218.425 GC heap before
{Heap before GC invocations=6 (full 0):
 garbage-first heap   total 262144K, used 34507K [0x00000000e0000000, 0x0000000100000000)
  region size 1024K, 12 young (12288K), 2 survivors (2048K)
 Metaspace       used 23483K, committed 24256K, reserved 393216K
  class space    used 3393K, committed 3776K, reserved 327680K
}
Event: 218.429 GC heap after
{Heap after GC invocations=7 (full 0):
 garbage-first heap   total 262144K, used 25955K [0x00000000e0000000, 0x0000000100000000)
  region size 1024K, 2 young (2048K), 2 survivors (2048K)
 Metaspace       used 23483K, committed 24256K, reserved 393216K
  class space    used 3393K, committed 3776K, reserved 327680K
}
Event: 221.193 GC heap before
{Heap before GC invocations=7 (full 0):
 garbage-first heap   total 262144K, used 36195K [0x00000000e0000000, 0x0000000100000000)
  region size 1024K, 12 young (12288K), 2 survivors (2048K)
 Metaspace       used 24803K, committed 25728K, reserved 393216K
  class space    used 3628K, committed 4096K, reserved 327680K
}
Event: 221.195 GC heap after
{Heap after GC invocations=8 (full 0):
 garbage-first heap   total 262144K, used 26564K [0x00000000e0000000, 0x0000000100000000)
  region size 1024K, 2 young (2048K), 2 survivors (2048K)
 Metaspace       used 24803K, committed 25728K, reserved 393216K
  class space    used 3628K, committed 4096K, reserved 327680K
}
Event: 224.562 GC heap before
{Heap before GC invocations=8 (full 0):
 garbage-first heap   total 262144K, used 36804K [0x00000000e0000000, 0x0000000100000000)
  region size 1024K, 12 young (12288K), 2 survivors (2048K)
 Metaspace       used 26421K, committed 27392K, reserved 393216K
  class space    used 3882K, committed 4352K, reserved 327680K
}
Event: 224.564 GC heap after
{Heap after GC invocations=9 (full 0):
 garbage-first heap   total 262144K, used 27048K [0x00000000e0000000, 0x0000000100000000)
  region size 1024K, 2 young (2048K), 2 survivors (2048K)
 Metaspace       used 26421K, committed 27392K, reserved 393216K
  class space    used 3882K, committed 4352K, reserved 327680K
}
Event: 227.642 GC heap before
{Heap before GC invocations=9 (full 0):
 garbage-first heap   total 262144K, used 37288K [0x00000000e0000000, 0x0000000100000000)
  region size 1024K, 12 young (12288K), 2 survivors (2048K)
 Metaspace       used 27702K, committed 28800K, reserved 393216K
  class space    used 4098K, committed 4608K, reserved 327680K
}
Event: 227.645 GC heap after
{Heap after GC invocations=10 (full 0):
 garbage-first heap   total 262144K, used 27572K [0x00000000e0000000, 0x0000000100000000)
  region size 1024K, 2 young (2048K), 2 survivors (2048K)
 Metaspace       used 27702K, committed 28800K, reserved 393216K
  class space    used 4098K, committed 4608K, reserved 327680K
}
Event: 272.190 GC heap before
{Heap before GC invocations=10 (full 0):
 garbage-first heap   total 262144K, used 65460K [0x00000000e0000000, 0x0000000100000000)
  region size 1024K, 40 young (40960K), 2 survivors (2048K)
 Metaspace       used 32309K, committed 33664K, reserved 393216K
  class space    used 4883K, committed 5568K, reserved 327680K
}
Event: 272.334 GC heap after
{Heap after GC invocations=11 (full 0):
 garbage-first heap   total 262144K, used 29456K [0x00000000e0000000, 0x0000000100000000)
  region size 1024K, 4 young (4096K), 4 survivors (4096K)
 Metaspace       used 32309K, committed 33664K, reserved 393216K
  class space    used 4883K, committed 5568K, reserved 327680K
}
Event: 443.852 GC heap before
{Heap before GC invocations=11 (full 0):
 garbage-first heap   total 262144K, used 48912K [0x00000000e0000000, 0x0000000100000000)
  region size 1024K, 24 young (24576K), 4 survivors (4096K)
 Metaspace       used 33189K, committed 34560K, reserved 393216K
  class space    used 5003K, committed 5696K, reserved 327680K
}
Event: 443.858 GC heap after
{Heap after GC invocations=12 (full 0):
 garbage-first heap   total 262144K, used 30227K [0x00000000e0000000, 0x0000000100000000)
  region size 1024K, 1 young (1024K), 1 survivors (1024K)
 Metaspace       used 33189K, committed 34560K, reserved 393216K
  class space    used 5003K, committed 5696K, reserved 327680K
}
Event: 446.204 GC heap before
{Heap before GC invocations=12 (full 0):
 garbage-first heap   total 262144K, used 36371K [0x00000000e0000000, 0x0000000100000000)
  region size 1024K, 9 young (9216K), 1 survivors (1024K)
 Metaspace       used 34583K, committed 35968K, reserved 393216K
  class space    used 5102K, committed 5824K, reserved 327680K
}
Event: 446.217 GC heap after
{Heap after GC invocations=13 (full 0):
 garbage-first heap   total 262144K, used 30619K [0x00000000e0000000, 0x0000000100000000)
  region size 1024K, 2 young (2048K), 2 survivors (2048K)
 Metaspace       used 34583K, committed 35968K, reserved 393216K
  class space    used 5102K, committed 5824K, reserved 327680K
}
Event: 573.548 GC heap before
{Heap before GC invocations=14 (full 0):
 garbage-first heap   total 262144K, used 157595K [0x00000000e0000000, 0x0000000100000000)
  region size 1024K, 126 young (129024K), 2 survivors (2048K)
 Metaspace       used 47266K, committed 49216K, reserved 393216K
  class space    used 7119K, committed 8064K, reserved 327680K
}
Event: 573.560 GC heap after
{Heap after GC invocations=15 (full 0):
 garbage-first heap   total 262144K, used 38737K [0x00000000e0000000, 0x0000000100000000)
  region size 1024K, 10 young (10240K), 10 survivors (10240K)
 Metaspace       used 47266K, committed 49216K, reserved 393216K
  class space    used 7119K, committed 8064K, reserved 327680K
}
Event: 620.243 GC heap before
{Heap before GC invocations=15 (full 0):
 garbage-first heap   total 262144K, used 94033K [0x00000000e0000000, 0x0000000100000000)
  region size 1024K, 65 young (66560K), 10 survivors (10240K)
 Metaspace       used 51018K, committed 53056K, reserved 393216K
  class space    used 7707K, committed 8704K, reserved 327680K
}
Event: 620.254 GC heap after
{Heap after GC invocations=16 (full 0):
 garbage-first heap   total 262144K, used 42032K [0x00000000e0000000, 0x0000000100000000)
  region size 1024K, 4 young (4096K), 4 survivors (4096K)
 Metaspace       used 51018K, committed 53056K, reserved 393216K
  class space    used 7707K, committed 8704K, reserved 327680K
}

