# JRE version: OpenJDK Runtime Environment Temurin-21.0.12.1+1 (21.0.12.1+1) (build 21.0.12.1+1-LTS)
# Java VM: OpenJDK 64-Bit Server VM Temurin-21.0.12.1+1 (21.0.12.1+1-LTS, mixed mode, sharing, tiered, compressed oops, compressed class ptrs, g1 gc, windows-amd64)
GC Precious Log:
 CardTable entry size: 512
 Card Set container configuration: InlinePtr #cards 5 size 8 Array Of Cards #cards 12 size 40 Howl #buckets 4 coarsen threshold 1843 Howl Bitmap #cards 512 size 80 coarsen threshold 460 Card regions per heap region 1 cards per card region 2048
 CPUs: 8 total, 8 available
 Memory: 16107M
 Large Page Support: Disabled
 NUMA Support: Disabled
 Compressed Oops: Enabled (32-bit)
 Heap Region Size: 1M
 Heap Min Capacity: 256M
 Heap Initial Capacity: 256M
 Heap Max Capacity: 512M
 Pre-touch: Disabled
 Parallel Workers: 8
 Concurrent Workers: 2
 Concurrent Refinement Workers: 8
 Periodic GC: Disabled
Heap:
 garbage-first heap   total 262144K, used 89483K [0x00000000e0000000, 0x0000000100000000)
  region size 1024K, 66 young (67584K), 9 survivors (9216K)
 Metaspace       used 40985K, committed 42624K, reserved 393216K
  class space    used 6110K, committed 6912K, reserved 327680K
GC Heap History (14 events):
Event: 36.161 GC heap before
{Heap before GC invocations=0 (full 0):
 garbage-first heap   total 262144K, used 26624K [0x00000000e0000000, 0x0000000100000000)
  region size 1024K, 23 young (23552K), 0 survivors (0K)
 Metaspace       used 2959K, committed 3072K, reserved 393216K
  class space    used 352K, committed 384K, reserved 327680K
}
Event: 36.330 GC heap after
{Heap after GC invocations=1 (full 0):
 garbage-first heap   total 262144K, used 11093K [0x00000000e0000000, 0x0000000100000000)
  region size 1024K, 3 young (3072K), 3 survivors (3072K)
 Metaspace       used 2959K, committed 3072K, reserved 393216K
  class space    used 352K, committed 384K, reserved 327680K
}
Event: 56.605 GC heap before
{Heap before GC invocations=1 (full 0):
 garbage-first heap   total 262144K, used 41813K [0x00000000e0000000, 0x0000000100000000)
  region size 1024K, 31 young (31744K), 3 survivors (3072K)
 Metaspace       used 4674K, committed 4864K, reserved 393216K
  class space    used 593K, committed 704K, reserved 327680K
}
Event: 56.608 GC heap after
{Heap after GC invocations=2 (full 0):
 garbage-first heap   total 262144K, used 15358K [0x00000000e0000000, 0x0000000100000000)
  region size 1024K, 3 young (3072K), 3 survivors (3072K)
 Metaspace       used 4674K, committed 4864K, reserved 393216K
  class space    used 593K, committed 704K, reserved 327680K
}
Event: 103.710 GC heap before
{Heap before GC invocations=2 (full 0):
 garbage-first heap   total 262144K, used 107518K [0x00000000e0000000, 0x0000000100000000)
  region size 1024K, 93 young (95232K), 3 survivors (3072K)
 Metaspace       used 18313K, committed 18880K, reserved 393216K
  class space    used 2549K, committed 2816K, reserved 327680K
}
Event: 103.983 GC heap after
{Heap after GC invocations=3 (full 0):
 garbage-first heap   total 262144K, used 23227K [0x00000000e0000000, 0x0000000100000000)
  region size 1024K, 11 young (11264K), 11 survivors (11264K)
 Metaspace       used 18313K, committed 18880K, reserved 393216K
  class space    used 2549K, committed 2816K, reserved 327680K
}
Event: 105.439 GC heap before
{Heap before GC invocations=3 (full 0):
 garbage-first heap   total 262144K, used 41659K [0x00000000e0000000, 0x0000000100000000)
  region size 1024K, 30 young (30720K), 11 survivors (11264K)
 Metaspace       used 20815K, committed 21504K, reserved 393216K
  class space    used 2964K, committed 3264K, reserved 327680K
}
Event: 105.445 GC heap after
{Heap after GC invocations=4 (full 0):
 garbage-first heap   total 262144K, used 25242K [0x00000000e0000000, 0x0000000100000000)
  region size 1024K, 2 young (2048K), 2 survivors (2048K)
 Metaspace       used 20815K, committed 21504K, reserved 393216K
  class space    used 2964K, committed 3264K, reserved 327680K
}
Event: 154.731 GC heap before
{Heap before GC invocations=5 (full 0):
 garbage-first heap   total 262144K, used 129690K [0x00000000e0000000, 0x0000000100000000)
  region size 1024K, 106 young (108544K), 2 survivors (2048K)
 Metaspace       used 34689K, committed 35968K, reserved 393216K
  class space    used 5113K, committed 5760K, reserved 327680K
}
Event: 154.739 GC heap after
{Heap after GC invocations=6 (full 0):
 garbage-first heap   total 262144K, used 30969K [0x00000000e0000000, 0x0000000100000000)
  region size 1024K, 8 young (8192K), 8 survivors (8192K)
 Metaspace       used 34689K, committed 35968K, reserved 393216K
  class space    used 5113K, committed 5760K, reserved 327680K
}
Event: 154.841 GC heap before
{Heap before GC invocations=6 (full 0):
 garbage-first heap   total 262144K, used 33017K [0x00000000e0000000, 0x0000000100000000)
  region size 1024K, 11 young (11264K), 8 survivors (8192K)
 Metaspace       used 34975K, committed 36288K, reserved 393216K
  class space    used 5139K, committed 5824K, reserved 327680K
}
Event: 154.850 GC heap after
{Heap after GC invocations=7 (full 0):
 garbage-first heap   total 262144K, used 31156K [0x00000000e0000000, 0x0000000100000000)
  region size 1024K, 8 young (8192K), 8 survivors (8192K)
 Metaspace       used 34975K, committed 36288K, reserved 393216K
  class space    used 5139K, committed 5824K, reserved 327680K
}
Event: 154.970 GC heap before
{Heap before GC invocations=7 (full 0):
 garbage-first heap   total 262144K, used 32180K [0x00000000e0000000, 0x0000000100000000)
  region size 1024K, 10 young (10240K), 8 survivors (8192K)
 Metaspace       used 35337K, committed 36608K, reserved 393216K
  class space    used 5195K, committed 5824K, reserved 327680K
}
Event: 154.978 GC heap after
{Heap after GC invocations=8 (full 0):
 garbage-first heap   total 262144K, used 32139K [0x00000000e0000000, 0x0000000100000000)
  region size 1024K, 9 young (9216K), 9 survivors (9216K)
 Metaspace       used 35337K, committed 36608K, reserved 393216K
  class space    used 5195K, committed 5824K, reserved 327680K
}

