# JRE version: OpenJDK Runtime Environment Temurin-21.0.12.1+1 (21.0.12.1+1) (build 21.0.12.1+1-LTS)
# Java VM: OpenJDK 64-Bit Server VM Temurin-21.0.12.1+1 (21.0.12.1+1-LTS, mixed mode, sharing, tiered, compressed oops, compressed class ptrs, g1 gc, windows-amd64)
GC Precious Log:
 CardTable entry size: 512
 Card Set container configuration: InlinePtr #cards 5 size 8 Array Of Cards #cards 12 size 40 Howl #buckets 4 coarsen threshold 1843 Howl Bitmap #cards 512 size 80 coarsen threshold 460 Card regions per heap region 1 cards per card region 2048
 CPUs: 8 total, 8 available
 Memory: 16107M
 Large Page Support: Disabled
 NUMA Support: Disabled
 Compressed Oops: Enabled (32-bit)
 Heap Region Size: 1M
 Heap Min Capacity: 256M
 Heap Initial Capacity: 256M
 Heap Max Capacity: 512M
 Pre-touch: Disabled
 Parallel Workers: 8
 Concurrent Workers: 2
 Concurrent Refinement Workers: 8
 Periodic GC: Disabled
Heap:
 garbage-first heap   total 262144K, used 98525K [0x00000000e0000000, 0x0000000100000000)
  region size 1024K, 76 young (77824K), 16 survivors (16384K)
 Metaspace       used 53561K, committed 55680K, reserved 393216K
  class space    used 8045K, committed 9088K, reserved 327680K
GC Heap History (16 events):
Event: 10.373 GC heap before
{Heap before GC invocations=0 (full 0):
 garbage-first heap   total 262144K, used 27648K [0x00000000e0000000, 0x0000000100000000)
  region size 1024K, 23 young (23552K), 0 survivors (0K)
 Metaspace       used 2916K, committed 3072K, reserved 393216K
  class space    used 347K, committed 384K, reserved 327680K
}
Event: 11.088 GC heap after
{Heap after GC invocations=1 (full 0):
 garbage-first heap   total 262144K, used 11775K [0x00000000e0000000, 0x0000000100000000)
  region size 1024K, 3 young (3072K), 3 survivors (3072K)
 Metaspace       used 2916K, committed 3072K, reserved 393216K
  class space    used 347K, committed 384K, reserved 327680K
}
Event: 22.698 GC heap before
{Heap before GC invocations=1 (full 0):
 garbage-first heap   total 262144K, used 41471K [0x00000000e0000000, 0x0000000100000000)
  region size 1024K, 31 young (31744K), 3 survivors (3072K)
 Metaspace       used 4680K, committed 4864K, reserved 393216K
  class space    used 597K, committed 704K, reserved 327680K
}
Event: 22.701 GC heap after
{Heap after GC invocations=2 (full 0):
 garbage-first heap   total 262144K, used 15004K [0x00000000e0000000, 0x0000000100000000)
  region size 1024K, 3 young (3072K), 3 survivors (3072K)
 Metaspace       used 4680K, committed 4864K, reserved 393216K
  class space    used 597K, committed 704K, reserved 327680K
}
Event: 103.726 GC heap before
{Heap before GC invocations=2 (full 0):
 garbage-first heap   total 262144K, used 102044K [0x00000000e0000000, 0x0000000100000000)
  region size 1024K, 88 young (90112K), 3 survivors (3072K)
 Metaspace       used 17612K, committed 18240K, reserved 393216K
  class space    used 2436K, committed 2752K, reserved 327680K
}
Event: 103.803 GC heap after
{Heap after GC invocations=3 (full 0):
 garbage-first heap   total 262144K, used 23343K [0x00000000e0000000, 0x0000000100000000)
  region size 1024K, 11 young (11264K), 11 survivors (11264K)
 Metaspace       used 17612K, committed 18240K, reserved 393216K
  class space    used 2436K, committed 2752K, reserved 327680K
}
Event: 107.571 GC heap before
{Heap before GC invocations=3 (full 0):
 garbage-first heap   total 262144K, used 46895K [0x00000000e0000000, 0x0000000100000000)
  region size 1024K, 35 young (35840K), 11 survivors (11264K)
 Metaspace       used 20809K, committed 21504K, reserved 393216K
  class space    used 2965K, committed 3264K, reserved 327680K
}
Event: 107.580 GC heap after
{Heap after GC invocations=4 (full 0):
 garbage-first heap   total 262144K, used 25330K [0x00000000e0000000, 0x0000000100000000)
  region size 1024K, 3 young (3072K), 3 survivors (3072K)
 Metaspace       used 20809K, committed 21504K, reserved 393216K
  class space    used 2965K, committed 3264K, reserved 327680K
}
Event: 133.779 GC heap before
{Heap before GC invocations=5 (full 0):
 garbage-first heap   total 262144K, used 125682K [0x00000000e0000000, 0x0000000100000000)
  region size 1024K, 103 young (105472K), 3 survivors (3072K)
 Metaspace       used 34681K, committed 35968K, reserved 393216K
  class space    used 5074K, committed 5696K, reserved 327680K
}
Event: 133.787 GC heap after
{Heap after GC invocations=6 (full 0):
 garbage-first heap   total 262144K, used 31428K [0x00000000e0000000, 0x0000000100000000)
  region size 1024K, 9 young (9216K), 9 survivors (9216K)
 Metaspace       used 34681K, committed 35968K, reserved 393216K
  class space    used 5074K, committed 5696K, reserved 327680K
}
Event: 135.892 GC heap before
{Heap before GC invocations=6 (full 0):
 garbage-first heap   total 262144K, used 33476K [0x00000000e0000000, 0x0000000100000000)
  region size 1024K, 12 young (12288K), 9 survivors (9216K)
 Metaspace       used 34965K, committed 36288K, reserved 393216K
  class space    used 5125K, committed 5760K, reserved 327680K
}
Event: 135.901 GC heap after
{Heap after GC invocations=7 (full 0):
 garbage-first heap   total 262144K, used 32160K [0x00000000e0000000, 0x0000000100000000)
  region size 1024K, 9 young (9216K), 9 survivors (9216K)
 Metaspace       used 34965K, committed 36288K, reserved 393216K
  class space    used 5125K, committed 5760K, reserved 327680K
}
Event: 136.185 GC heap before
{Heap before GC invocations=7 (full 0):
 garbage-first heap   total 262144K, used 34208K [0x00000000e0000000, 0x0000000100000000)
  region size 1024K, 12 young (12288K), 9 survivors (9216K)
 Metaspace       used 35232K, committed 36608K, reserved 393216K
  class space    used 5165K, committed 5824K, reserved 327680K
}
Event: 136.190 GC heap after
{Heap after GC invocations=8 (full 0):
 garbage-first heap   total 262144K, used 32123K [0x00000000e0000000, 0x0000000100000000)
  region size 1024K, 9 young (9216K), 9 survivors (9216K)
 Metaspace       used 35232K, committed 36608K, reserved 393216K
  class space    used 5165K, committed 5824K, reserved 327680K
}
Event: 227.457 GC heap before
{Heap before GC invocations=9 (full 0):
 garbage-first heap   total 262144K, used 179579K [0x00000000e0000000, 0x0000000100000000)
  region size 1024K, 153 young (156672K), 9 survivors (9216K)
 Metaspace       used 49139K, committed 51200K, reserved 393216K
  class space    used 7435K, committed 8448K, reserved 327680K
}
Event: 227.473 GC heap after
{Heap after GC invocations=10 (full 0):
 garbage-first heap   total 262144K, used 39133K [0x00000000e0000000, 0x0000000100000000)
  region size 1024K, 16 young (16384K), 16 survivors (16384K)
 Metaspace       used 49139K, committed 51200K, reserved 393216K
  class space    used 7435K, committed 8448K, reserved 327680K
}

