# JRE version: OpenJDK Runtime Environment Temurin-21.0.12.1+1 (21.0.12.1+1) (build 21.0.12.1+1-LTS)
# Java VM: OpenJDK 64-Bit Server VM Temurin-21.0.12.1+1 (21.0.12.1+1-LTS, mixed mode, sharing, tiered, compressed oops, compressed class ptrs, g1 gc, windows-amd64)
GC Precious Log:
 CardTable entry size: 512
 Card Set container configuration: InlinePtr #cards 5 size 8 Array Of Cards #cards 12 size 40 Howl #buckets 4 coarsen threshold 1843 Howl Bitmap #cards 512 size 80 coarsen threshold 460 Card regions per heap region 1 cards per card region 2048
 CPUs: 8 total, 8 available
 Memory: 16107M
 Large Page Support: Disabled
 NUMA Support: Disabled
 Compressed Oops: Enabled (32-bit)
 Heap Region Size: 1M
 Heap Min Capacity: 256M
 Heap Initial Capacity: 256M
 Heap Max Capacity: 512M
 Pre-touch: Disabled
 Parallel Workers: 8
 Concurrent Workers: 2
 Concurrent Refinement Workers: 8
 Periodic GC: Disabled
Heap:
 garbage-first heap   total 262144K, used 73384K [0x00000000e0000000, 0x0000000100000000)
  region size 1024K, 50 young (51200K), 15 survivors (15360K)
 Metaspace       used 50605K, committed 52608K, reserved 393216K
  class space    used 7665K, committed 8640K, reserved 327680K
GC Heap History (14 events):
Event: 46.468 GC heap before
{Heap before GC invocations=0 (full 0):
 garbage-first heap   total 262144K, used 26624K [0x00000000e0000000, 0x0000000100000000)
  region size 1024K, 23 young (23552K), 0 survivors (0K)
 Metaspace       used 3122K, committed 3264K, reserved 393216K
  class space    used 378K, committed 448K, reserved 327680K
}
Event: 47.771 GC heap after
{Heap after GC invocations=1 (full 0):
 garbage-first heap   total 262144K, used 11178K [0x00000000e0000000, 0x0000000100000000)
  region size 1024K, 3 young (3072K), 3 survivors (3072K)
 Metaspace       used 3122K, committed 3264K, reserved 393216K
  class space    used 378K, committed 448K, reserved 327680K
}
Event: 74.020 GC heap before
{Heap before GC invocations=1 (full 0):
 garbage-first heap   total 262144K, used 39850K [0x00000000e0000000, 0x0000000100000000)
  region size 1024K, 29 young (29696K), 3 survivors (3072K)
 Metaspace       used 4645K, committed 4864K, reserved 393216K
  class space    used 596K, committed 704K, reserved 327680K
}
Event: 74.023 GC heap after
{Heap after GC invocations=2 (full 0):
 garbage-first heap   total 262144K, used 15424K [0x00000000e0000000, 0x0000000100000000)
  region size 1024K, 2 young (2048K), 2 survivors (2048K)
 Metaspace       used 4645K, committed 4864K, reserved 393216K
  class space    used 596K, committed 704K, reserved 327680K
}
Event: 247.991 GC heap before
{Heap before GC invocations=2 (full 0):
 garbage-first heap   total 262144K, used 127040K [0x00000000e0000000, 0x0000000100000000)
  region size 1024K, 112 young (114688K), 2 survivors (2048K)
 Metaspace       used 20865K, committed 21504K, reserved 393216K
  class space    used 2954K, committed 3264K, reserved 327680K
}
Event: 248.023 GC heap after
{Heap after GC invocations=3 (full 0):
 garbage-first heap   total 262144K, used 24573K [0x00000000e0000000, 0x0000000100000000)
  region size 1024K, 12 young (12288K), 12 survivors (12288K)
 Metaspace       used 20865K, committed 21504K, reserved 393216K
  class space    used 2954K, committed 3264K, reserved 327680K
}
Event: 296.413 GC heap before
{Heap before GC invocations=4 (full 0):
 garbage-first heap   total 262144K, used 130045K [0x00000000e0000000, 0x0000000100000000)
  region size 1024K, 117 young (119808K), 12 survivors (12288K)
 Metaspace       used 34878K, committed 36160K, reserved 393216K
  class space    used 5115K, committed 5760K, reserved 327680K
}
Event: 296.440 GC heap after
{Heap after GC invocations=5 (full 0):
 garbage-first heap   total 262144K, used 31857K [0x00000000e0000000, 0x0000000100000000)
  region size 1024K, 8 young (8192K), 8 survivors (8192K)
 Metaspace       used 34878K, committed 36160K, reserved 393216K
  class space    used 5115K, committed 5760K, reserved 327680K
}
Event: 297.058 GC heap before
{Heap before GC invocations=5 (full 0):
 garbage-first heap   total 262144K, used 32881K [0x00000000e0000000, 0x0000000100000000)
  region size 1024K, 10 young (10240K), 8 survivors (8192K)
 Metaspace       used 35128K, committed 36480K, reserved 393216K
  class space    used 5151K, committed 5824K, reserved 327680K
}
Event: 297.068 GC heap after
{Heap after GC invocations=6 (full 0):
 garbage-first heap   total 262144K, used 32071K [0x00000000e0000000, 0x0000000100000000)
  region size 1024K, 7 young (7168K), 7 survivors (7168K)
 Metaspace       used 35128K, committed 36480K, reserved 393216K
  class space    used 5151K, committed 5824K, reserved 327680K
}
Event: 297.162 GC heap before
{Heap before GC invocations=6 (full 0):
 garbage-first heap   total 262144K, used 33095K [0x00000000e0000000, 0x0000000100000000)
  region size 1024K, 9 young (9216K), 7 survivors (7168K)
 Metaspace       used 35459K, committed 36800K, reserved 393216K
  class space    used 5199K, committed 5888K, reserved 327680K
}
Event: 297.171 GC heap after
{Heap after GC invocations=7 (full 0):
 garbage-first heap   total 262144K, used 31866K [0x00000000e0000000, 0x0000000100000000)
  region size 1024K, 7 young (7168K), 7 survivors (7168K)
 Metaspace       used 35459K, committed 36800K, reserved 393216K
  class space    used 5199K, committed 5888K, reserved 327680K
}
Event: 549.690 GC heap before
{Heap before GC invocations=8 (full 0):
 garbage-first heap   total 262144K, used 180346K [0x00000000e0000000, 0x0000000100000000)
  region size 1024K, 152 young (155648K), 7 survivors (7168K)
 Metaspace       used 47631K, committed 49472K, reserved 393216K
  class space    used 7156K, committed 8064K, reserved 327680K
}
Event: 549.746 GC heap after
{Heap after GC invocations=9 (full 0):
 garbage-first heap   total 262144K, used 39592K [0x00000000e0000000, 0x0000000100000000)
  region size 1024K, 15 young (15360K), 15 survivors (15360K)
 Metaspace       used 47631K, committed 49472K, reserved 393216K
  class space    used 7156K, committed 8064K, reserved 327680K
}

