# JRE version: Java(TM) SE Runtime Environment (17.0.12+8) (build 17.0.12+8-LTS-286)
# Java VM: Java HotSpot(TM) 64-Bit Server VM (17.0.12+8-LTS-286, mixed mode, sharing, tiered, compressed oops, compressed class ptrs, g1 gc, windows-amd64)
GC Precious Log:
 CPUs: 8 total, 8 available
 Memory: 16107M
 Large Page Support: Disabled
 NUMA Support: Disabled
 Compressed Oops: Enabled (32-bit)
 Heap Region Size: 1M
 Heap Min Capacity: 256M
 Heap Initial Capacity: 256M
 Heap Max Capacity: 512M
 Pre-touch: Disabled
 Parallel Workers: 8
 Concurrent Workers: 2
 Concurrent Refinement Workers: 8
 Periodic GC: Disabled
Heap:
 garbage-first heap   total 262144K, used 51856K [0x00000000e0000000, 0x0000000100000000)
  region size 1024K, 30 young (30720K), 9 survivors (9216K)
 Metaspace       used 37605K, committed 38208K, reserved 393216K
  class space    used 5259K, committed 5568K, reserved 327680K
GC Heap History (10 events):
Event: 14.846 GC heap before
{Heap before GC invocations=0 (full 0):
 garbage-first heap   total 262144K, used 26624K [0x00000000e0000000, 0x0000000100000000)
  region size 1024K, 23 young (23552K), 0 survivors (0K)
 Metaspace       used 2948K, committed 3072K, reserved 393216K
  class space    used 346K, committed 384K, reserved 327680K
}
Event: 14.867 GC heap after
{Heap after GC invocations=1 (full 0):
 garbage-first heap   total 262144K, used 11080K [0x00000000e0000000, 0x0000000100000000)
  region size 1024K, 3 young (3072K), 3 survivors (3072K)
 Metaspace       used 2948K, committed 3072K, reserved 393216K
  class space    used 346K, committed 384K, reserved 327680K
}
Event: 24.411 GC heap before
{Heap before GC invocations=1 (full 0):
 garbage-first heap   total 262144K, used 37704K [0x00000000e0000000, 0x0000000100000000)
  region size 1024K, 29 young (29696K), 3 survivors (3072K)
 Metaspace       used 4634K, committed 4800K, reserved 393216K
  class space    used 584K, committed 640K, reserved 327680K
}
Event: 24.413 GC heap after
{Heap after GC invocations=2 (full 0):
 garbage-first heap   total 262144K, used 12368K [0x00000000e0000000, 0x0000000100000000)
  region size 1024K, 2 young (2048K), 2 survivors (2048K)
 Metaspace       used 4634K, committed 4800K, reserved 393216K
  class space    used 584K, committed 640K, reserved 327680K
}
Event: 34.577 GC heap before
{Heap before GC invocations=2 (full 0):
 garbage-first heap   total 262144K, used 111696K [0x00000000e0000000, 0x0000000100000000)
  region size 1024K, 97 young (99328K), 2 survivors (2048K)
 Metaspace       used 18375K, committed 18624K, reserved 393216K
  class space    used 2558K, committed 2688K, reserved 327680K
}
Event: 34.584 GC heap after
{Heap after GC invocations=3 (full 0):
 garbage-first heap   total 262144K, used 22762K [0x00000000e0000000, 0x0000000100000000)
  region size 1024K, 11 young (11264K), 11 survivors (11264K)
 Metaspace       used 18375K, committed 18624K, reserved 393216K
  class space    used 2558K, committed 2688K, reserved 327680K
}
Event: 35.652 GC heap before
{Heap before GC invocations=3 (full 0):
 garbage-first heap   total 262144K, used 45290K [0x00000000e0000000, 0x0000000100000000)
  region size 1024K, 34 young (34816K), 11 survivors (11264K)
 Metaspace       used 21249K, committed 21504K, reserved 393216K
  class space    used 3039K, committed 3136K, reserved 327680K
}
Event: 35.659 GC heap after
{Heap after GC invocations=4 (full 0):
 garbage-first heap   total 262144K, used 24706K [0x00000000e0000000, 0x0000000100000000)
  region size 1024K, 2 young (2048K), 2 survivors (2048K)
 Metaspace       used 21249K, committed 21504K, reserved 393216K
  class space    used 3039K, committed 3136K, reserved 327680K
}
Event: 42.570 GC heap before
{Heap before GC invocations=5 (full 0):
 garbage-first heap   total 262144K, used 133250K [0x00000000e0000000, 0x0000000100000000)
  region size 1024K, 108 young (110592K), 2 survivors (2048K)
 Metaspace       used 35699K, committed 36160K, reserved 393216K
  class space    used 4969K, committed 5184K, reserved 327680K
}
Event: 42.577 GC heap after
{Heap after GC invocations=6 (full 0):
 garbage-first heap   total 262144K, used 31376K [0x00000000e0000000, 0x0000000100000000)
  region size 1024K, 9 young (9216K), 9 survivors (9216K)
 Metaspace       used 35699K, committed 36160K, reserved 393216K
  class space    used 4969K, committed 5184K, reserved 327680K
}

