# JRE version: Java(TM) SE Runtime Environment (17.0.12+8) (build 17.0.12+8-LTS-286)
# Java VM: Java HotSpot(TM) 64-Bit Server VM (17.0.12+8-LTS-286, mixed mode, sharing, tiered, compressed oops, compressed class ptrs, g1 gc, windows-amd64)
GC Precious Log:
 CPUs: 8 total, 8 available
 Memory: 16107M
 Large Page Support: Disabled
 NUMA Support: Disabled
 Compressed Oops: Enabled (32-bit)
 Heap Region Size: 1M
 Heap Min Capacity: 256M
 Heap Initial Capacity: 256M
 Heap Max Capacity: 512M
 Pre-touch: Disabled
 Parallel Workers: 8
 Concurrent Workers: 2
 Concurrent Refinement Workers: 8
 Periodic GC: Disabled
Heap:
 garbage-first heap   total 262144K, used 120307K [0x00000000e0000000, 0x0000000100000000)
  region size 1024K, 60 young (61440K), 9 survivors (9216K)
 Metaspace       used 70642K, committed 72384K, reserved 393216K
  class space    used 9473K, committed 10368K, reserved 327680K
GC Heap History (20 events):
Event: 1365.936 GC heap before
{Heap before GC invocations=66 (full 0):
 garbage-first heap   total 262144K, used 215922K [0x00000000e0000000, 0x0000000100000000)
  region size 1024K, 153 young (156672K), 2 survivors (2048K)
 Metaspace       used 70330K, committed 72064K, reserved 393216K
  class space    used 9469K, committed 10368K, reserved 327680K
}
Event: 1365.939 GC heap after
{Heap after GC invocations=67 (full 0):
 garbage-first heap   total 262144K, used 63865K [0x00000000e0000000, 0x0000000100000000)
  region size 1024K, 4 young (4096K), 4 survivors (4096K)
 Metaspace       used 70330K, committed 72064K, reserved 393216K
  class space    used 9469K, committed 10368K, reserved 327680K
}
Event: 1387.606 GC heap before
{Heap before GC invocations=67 (full 0):
 garbage-first heap   total 262144K, used 216441K [0x00000000e0000000, 0x0000000100000000)
  region size 1024K, 153 young (156672K), 4 survivors (4096K)
 Metaspace       used 70360K, committed 72128K, reserved 393216K
  class space    used 9469K, committed 10368K, reserved 327680K
}
Event: 1387.611 GC heap after
{Heap after GC invocations=68 (full 0):
 garbage-first heap   total 262144K, used 67088K [0x00000000e0000000, 0x0000000100000000)
  region size 1024K, 7 young (7168K), 7 survivors (7168K)
 Metaspace       used 70360K, committed 72128K, reserved 393216K
  class space    used 9469K, committed 10368K, reserved 327680K
}
Event: 1437.900 GC heap before
{Heap before GC invocations=68 (full 0):
 garbage-first heap   total 262144K, used 216592K [0x00000000e0000000, 0x0000000100000000)
  region size 1024K, 153 young (156672K), 7 survivors (7168K)
 Metaspace       used 70383K, committed 72128K, reserved 393216K
  class space    used 9469K, committed 10368K, reserved 327680K
}
Event: 1437.903 GC heap after
{Heap after GC invocations=69 (full 0):
 garbage-first heap   total 262144K, used 61361K [0x00000000e0000000, 0x0000000100000000)
  region size 1024K, 2 young (2048K), 2 survivors (2048K)
 Metaspace       used 70383K, committed 72128K, reserved 393216K
  class space    used 9469K, committed 10368K, reserved 327680K
}
Event: 1548.770 GC heap before
{Heap before GC invocations=69 (full 0):
 garbage-first heap   total 262144K, used 215985K [0x00000000e0000000, 0x0000000100000000)
  region size 1024K, 153 young (156672K), 2 survivors (2048K)
 Metaspace       used 70440K, committed 72192K, reserved 393216K
  class space    used 9472K, committed 10368K, reserved 327680K
}
Event: 1548.774 GC heap after
{Heap after GC invocations=70 (full 0):
 garbage-first heap   total 262144K, used 66496K [0x00000000e0000000, 0x0000000100000000)
  region size 1024K, 7 young (7168K), 7 survivors (7168K)
 Metaspace       used 70440K, committed 72192K, reserved 393216K
  class space    used 9472K, committed 10368K, reserved 327680K
}
Event: 1625.958 GC heap before
{Heap before GC invocations=70 (full 0):
 garbage-first heap   total 262144K, used 216000K [0x00000000e0000000, 0x0000000100000000)
  region size 1024K, 153 young (156672K), 7 survivors (7168K)
 Metaspace       used 70466K, committed 72256K, reserved 393216K
  class space    used 9472K, committed 10368K, reserved 327680K
}
Event: 1625.961 GC heap after
{Heap after GC invocations=71 (full 0):
 garbage-first heap   total 262144K, used 65466K [0x00000000e0000000, 0x0000000100000000)
  region size 1024K, 6 young (6144K), 6 survivors (6144K)
 Metaspace       used 70466K, committed 72256K, reserved 393216K
  class space    used 9472K, committed 10368K, reserved 327680K
}
Event: 1659.718 GC heap before
{Heap before GC invocations=71 (full 0):
 garbage-first heap   total 262144K, used 215994K [0x00000000e0000000, 0x0000000100000000)
  region size 1024K, 153 young (156672K), 6 survivors (6144K)
 Metaspace       used 70498K, committed 72256K, reserved 393216K
  class space    used 9472K, committed 10368K, reserved 327680K
}
Event: 1659.720 GC heap after
{Heap after GC invocations=72 (full 0):
 garbage-first heap   total 262144K, used 62401K [0x00000000e0000000, 0x0000000100000000)
  region size 1024K, 3 young (3072K), 3 survivors (3072K)
 Metaspace       used 70498K, committed 72256K, reserved 393216K
  class space    used 9472K, committed 10368K, reserved 327680K
}
Event: 1670.924 GC heap before
{Heap before GC invocations=72 (full 0):
 garbage-first heap   total 262144K, used 216001K [0x00000000e0000000, 0x0000000100000000)
  region size 1024K, 153 young (156672K), 3 survivors (3072K)
 Metaspace       used 70574K, committed 72384K, reserved 393216K
  class space    used 9473K, committed 10368K, reserved 327680K
}
Event: 1670.927 GC heap after
{Heap after GC invocations=73 (full 0):
 garbage-first heap   total 262144K, used 64283K [0x00000000e0000000, 0x0000000100000000)
  region size 1024K, 4 young (4096K), 4 survivors (4096K)
 Metaspace       used 70574K, committed 72384K, reserved 393216K
  class space    used 9473K, committed 10368K, reserved 327680K
}
Event: 1679.997 GC heap before
{Heap before GC invocations=73 (full 0):
 garbage-first heap   total 262144K, used 216859K [0x00000000e0000000, 0x0000000100000000)
  region size 1024K, 153 young (156672K), 4 survivors (4096K)
 Metaspace       used 70613K, committed 72384K, reserved 393216K
  class space    used 9473K, committed 10368K, reserved 327680K
}
Event: 1680.002 GC heap after
{Heap after GC invocations=74 (full 0):
 garbage-first heap   total 262144K, used 67601K [0x00000000e0000000, 0x0000000100000000)
  region size 1024K, 8 young (8192K), 8 survivors (8192K)
 Metaspace       used 70613K, committed 72384K, reserved 393216K
  class space    used 9473K, committed 10368K, reserved 327680K
}
Event: 1686.134 GC heap before
{Heap before GC invocations=74 (full 0):
 garbage-first heap   total 262144K, used 216081K [0x00000000e0000000, 0x0000000100000000)
  region size 1024K, 153 young (156672K), 8 survivors (8192K)
 Metaspace       used 70625K, committed 72384K, reserved 393216K
  class space    used 9473K, committed 10368K, reserved 327680K
}
Event: 1686.138 GC heap after
{Heap after GC invocations=75 (full 0):
 garbage-first heap   total 262144K, used 67320K [0x00000000e0000000, 0x0000000100000000)
  region size 1024K, 7 young (7168K), 7 survivors (7168K)
 Metaspace       used 70625K, committed 72384K, reserved 393216K
  class space    used 9473K, committed 10368K, reserved 327680K
}
Event: 1694.127 GC heap before
{Heap before GC invocations=75 (full 0):
 garbage-first heap   total 262144K, used 216824K [0x00000000e0000000, 0x0000000100000000)
  region size 1024K, 153 young (156672K), 7 survivors (7168K)
 Metaspace       used 70633K, committed 72384K, reserved 393216K
  class space    used 9473K, committed 10368K, reserved 327680K
}
Event: 1694.133 GC heap after
{Heap after GC invocations=76 (full 0):
 garbage-first heap   total 262144K, used 69107K [0x00000000e0000000, 0x0000000100000000)
  region size 1024K, 9 young (9216K), 9 survivors (9216K)
 Metaspace       used 70633K, committed 72384K, reserved 393216K
  class space    used 9473K, committed 10368K, reserved 327680K
}

