# JRE version: OpenJDK Runtime Environment Temurin-21.0.12.1+1 (21.0.12.1+1) (build 21.0.12.1+1-LTS)
# Java VM: OpenJDK 64-Bit Server VM Temurin-21.0.12.1+1 (21.0.12.1+1-LTS, mixed mode, sharing, tiered, compressed oops, compressed class ptrs, g1 gc, windows-amd64)
GC Precious Log:
 CardTable entry size: 512
 Card Set container configuration: InlinePtr #cards 5 size 8 Array Of Cards #cards 12 size 40 Howl #buckets 4 coarsen threshold 1843 Howl Bitmap #cards 512 size 80 coarsen threshold 460 Card regions per heap region 1 cards per card region 2048
 CPUs: 8 total, 8 available
 Memory: 16107M
 Large Page Support: Disabled
 NUMA Support: Disabled
 Compressed Oops: Enabled (32-bit)
 Heap Region Size: 1M
 Heap Min Capacity: 256M
 Heap Initial Capacity: 256M
 Heap Max Capacity: 512M
 Pre-touch: Disabled
 Parallel Workers: 8
 Concurrent Workers: 2
 Concurrent Refinement Workers: 8
 Periodic GC: Disabled
Heap:
 garbage-first heap   total 262144K, used 112965K [0x00000000e0000000, 0x0000000100000000)
  region size 1024K, 89 young (91136K), 17 survivors (17408K)
 Metaspace       used 53794K, committed 55936K, reserved 393216K
  class space    used 8213K, committed 9216K, reserved 327680K
GC Heap History (16 events):
Event: 9.300 GC heap before
{Heap before GC invocations=0 (full 0):
 garbage-first heap   total 262144K, used 26624K [0x00000000e0000000, 0x0000000100000000)
  region size 1024K, 23 young (23552K), 0 survivors (0K)
 Metaspace       used 2941K, committed 3072K, reserved 393216K
  class space    used 351K, committed 384K, reserved 327680K
}
Event: 9.306 GC heap after
{Heap after GC invocations=1 (full 0):
 garbage-first heap   total 262144K, used 11470K [0x00000000e0000000, 0x0000000100000000)
  region size 1024K, 3 young (3072K), 3 survivors (3072K)
 Metaspace       used 2941K, committed 3072K, reserved 393216K
  class space    used 351K, committed 384K, reserved 327680K
}
Event: 33.235 GC heap before
{Heap before GC invocations=1 (full 0):
 garbage-first heap   total 262144K, used 41166K [0x00000000e0000000, 0x0000000100000000)
  region size 1024K, 31 young (31744K), 3 survivors (3072K)
 Metaspace       used 4676K, committed 4864K, reserved 393216K
  class space    used 595K, committed 704K, reserved 327680K
}
Event: 33.241 GC heap after
{Heap after GC invocations=2 (full 0):
 garbage-first heap   total 262144K, used 15007K [0x00000000e0000000, 0x0000000100000000)
  region size 1024K, 3 young (3072K), 3 survivors (3072K)
 Metaspace       used 4676K, committed 4864K, reserved 393216K
  class space    used 595K, committed 704K, reserved 327680K
}
Event: 98.837 GC heap before
{Heap before GC invocations=2 (full 0):
 garbage-first heap   total 262144K, used 103071K [0x00000000e0000000, 0x0000000100000000)
  region size 1024K, 89 young (91136K), 3 survivors (3072K)
 Metaspace       used 17892K, committed 18432K, reserved 393216K
  class space    used 2477K, committed 2752K, reserved 327680K
}
Event: 98.847 GC heap after
{Heap after GC invocations=3 (full 0):
 garbage-first heap   total 262144K, used 23173K [0x00000000e0000000, 0x0000000100000000)
  region size 1024K, 11 young (11264K), 11 survivors (11264K)
 Metaspace       used 17892K, committed 18432K, reserved 393216K
  class space    used 2477K, committed 2752K, reserved 327680K
}
Event: 104.317 GC heap before
{Heap before GC invocations=3 (full 0):
 garbage-first heap   total 262144K, used 46725K [0x00000000e0000000, 0x0000000100000000)
  region size 1024K, 35 young (35840K), 11 survivors (11264K)
 Metaspace       used 20948K, committed 21504K, reserved 393216K
  class space    used 2997K, committed 3264K, reserved 327680K
}
Event: 104.326 GC heap after
{Heap after GC invocations=4 (full 0):
 garbage-first heap   total 262144K, used 24988K [0x00000000e0000000, 0x0000000100000000)
  region size 1024K, 2 young (2048K), 2 survivors (2048K)
 Metaspace       used 20948K, committed 21504K, reserved 393216K
  class space    used 2997K, committed 3264K, reserved 327680K
}
Event: 179.949 GC heap before
{Heap before GC invocations=5 (full 0):
 garbage-first heap   total 262144K, used 129436K [0x00000000e0000000, 0x0000000100000000)
  region size 1024K, 106 young (108544K), 2 survivors (2048K)
 Metaspace       used 34616K, committed 35968K, reserved 393216K
  class space    used 5111K, committed 5760K, reserved 327680K
}
Event: 179.958 GC heap after
{Heap after GC invocations=6 (full 0):
 garbage-first heap   total 262144K, used 30903K [0x00000000e0000000, 0x0000000100000000)
  region size 1024K, 8 young (8192K), 8 survivors (8192K)
 Metaspace       used 34616K, committed 35968K, reserved 393216K
  class space    used 5111K, committed 5760K, reserved 327680K
}
Event: 180.142 GC heap before
{Heap before GC invocations=6 (full 0):
 garbage-first heap   total 262144K, used 31927K [0x00000000e0000000, 0x0000000100000000)
  region size 1024K, 10 young (10240K), 8 survivors (8192K)
 Metaspace       used 34956K, committed 36288K, reserved 393216K
  class space    used 5140K, committed 5824K, reserved 327680K
}
Event: 180.189 GC heap after
{Heap after GC invocations=7 (full 0):
 garbage-first heap   total 262144K, used 31026K [0x00000000e0000000, 0x0000000100000000)
  region size 1024K, 8 young (8192K), 8 survivors (8192K)
 Metaspace       used 34956K, committed 36288K, reserved 393216K
  class space    used 5140K, committed 5824K, reserved 327680K
}
Event: 180.366 GC heap before
{Heap before GC invocations=7 (full 0):
 garbage-first heap   total 262144K, used 32050K [0x00000000e0000000, 0x0000000100000000)
  region size 1024K, 10 young (10240K), 8 survivors (8192K)
 Metaspace       used 35254K, committed 36608K, reserved 393216K
  class space    used 5183K, committed 5888K, reserved 327680K
}
Event: 180.372 GC heap after
{Heap after GC invocations=8 (full 0):
 garbage-first heap   total 262144K, used 31480K [0x00000000e0000000, 0x0000000100000000)
  region size 1024K, 9 young (9216K), 9 survivors (9216K)
 Metaspace       used 35254K, committed 36608K, reserved 393216K
  class space    used 5183K, committed 5888K, reserved 327680K
}
Event: 313.049 GC heap before
{Heap before GC invocations=9 (full 0):
 garbage-first heap   total 262144K, used 177912K [0x00000000e0000000, 0x0000000100000000)
  region size 1024K, 153 young (156672K), 9 survivors (9216K)
 Metaspace       used 48768K, committed 50688K, reserved 393216K
  class space    used 7354K, committed 8256K, reserved 327680K
}
Event: 313.074 GC heap after
{Heap after GC invocations=10 (full 0):
 garbage-first heap   total 262144K, used 40261K [0x00000000e0000000, 0x0000000100000000)
  region size 1024K, 17 young (17408K), 17 survivors (17408K)
 Metaspace       used 48768K, committed 50688K, reserved 393216K
  class space    used 7354K, committed 8256K, reserved 327680K
}

