# JRE version: OpenJDK Runtime Environment Temurin-21.0.12.1+1 (21.0.12.1+1) (build 21.0.12.1+1-LTS)
# Java VM: OpenJDK 64-Bit Server VM Temurin-21.0.12.1+1 (21.0.12.1+1-LTS, mixed mode, sharing, tiered, compressed oops, compressed class ptrs, g1 gc, windows-amd64)
GC Precious Log:
 CardTable entry size: 512
 Card Set container configuration: InlinePtr #cards 5 size 8 Array Of Cards #cards 12 size 40 Howl #buckets 4 coarsen threshold 1843 Howl Bitmap #cards 512 size 80 coarsen threshold 460 Card regions per heap region 1 cards per card region 2048
 CPUs: 8 total, 8 available
 Memory: 16107M
 Large Page Support: Disabled
 NUMA Support: Disabled
 Compressed Oops: Enabled (32-bit)
 Heap Region Size: 1M
 Heap Min Capacity: 256M
 Heap Initial Capacity: 256M
 Heap Max Capacity: 512M
 Pre-touch: Disabled
 Parallel Workers: 8
 Concurrent Workers: 2
 Concurrent Refinement Workers: 8
 Periodic GC: Disabled
Heap:
 garbage-first heap   total 262144K, used 62456K [0x00000000e0000000, 0x0000000100000000)
  region size 1024K, 27 young (27648K), 4 survivors (4096K)
 Metaspace       used 49889K, committed 51904K, reserved 393216K
  class space    used 7523K, committed 8512K, reserved 327680K
GC Heap History (14 events):
Event: 24.671 GC heap before
{Heap before GC invocations=0 (full 0):
 garbage-first heap   total 262144K, used 27648K [0x00000000e0000000, 0x0000000100000000)
  region size 1024K, 23 young (23552K), 0 survivors (0K)
 Metaspace       used 2931K, committed 3072K, reserved 393216K
  class space    used 349K, committed 384K, reserved 327680K
}
Event: 25.700 GC heap after
{Heap after GC invocations=1 (full 0):
 garbage-first heap   total 262144K, used 11007K [0x00000000e0000000, 0x0000000100000000)
  region size 1024K, 3 young (3072K), 3 survivors (3072K)
 Metaspace       used 2931K, committed 3072K, reserved 393216K
  class space    used 349K, committed 384K, reserved 327680K
}
Event: 58.945 GC heap before
{Heap before GC invocations=1 (full 0):
 garbage-first heap   total 262144K, used 40703K [0x00000000e0000000, 0x0000000100000000)
  region size 1024K, 31 young (31744K), 3 survivors (3072K)
 Metaspace       used 4675K, committed 4864K, reserved 393216K
  class space    used 592K, committed 704K, reserved 327680K
}
Event: 58.949 GC heap after
{Heap after GC invocations=2 (full 0):
 garbage-first heap   total 262144K, used 15162K [0x00000000e0000000, 0x0000000100000000)
  region size 1024K, 3 young (3072K), 3 survivors (3072K)
 Metaspace       used 4675K, committed 4864K, reserved 393216K
  class space    used 592K, committed 704K, reserved 327680K
}
Event: 203.162 GC heap before
{Heap before GC invocations=2 (full 0):
 garbage-first heap   total 262144K, used 104250K [0x00000000e0000000, 0x0000000100000000)
  region size 1024K, 90 young (92160K), 3 survivors (3072K)
 Metaspace       used 17617K, committed 18176K, reserved 393216K
  class space    used 2427K, committed 2688K, reserved 327680K
}
Event: 203.254 GC heap after
{Heap after GC invocations=3 (full 0):
 garbage-first heap   total 262144K, used 23127K [0x00000000e0000000, 0x0000000100000000)
  region size 1024K, 11 young (11264K), 11 survivors (11264K)
 Metaspace       used 17617K, committed 18176K, reserved 393216K
  class space    used 2427K, committed 2688K, reserved 327680K
}
Event: 214.313 GC heap before
{Heap before GC invocations=3 (full 0):
 garbage-first heap   total 262144K, used 47703K [0x00000000e0000000, 0x0000000100000000)
  region size 1024K, 36 young (36864K), 11 survivors (11264K)
 Metaspace       used 20874K, committed 21504K, reserved 393216K
  class space    used 2965K, committed 3264K, reserved 327680K
}
Event: 214.326 GC heap after
{Heap after GC invocations=4 (full 0):
 garbage-first heap   total 262144K, used 24986K [0x00000000e0000000, 0x0000000100000000)
  region size 1024K, 2 young (2048K), 2 survivors (2048K)
 Metaspace       used 20874K, committed 21504K, reserved 393216K
  class space    used 2965K, committed 3264K, reserved 327680K
}
Event: 477.301 GC heap before
{Heap before GC invocations=5 (full 0):
 garbage-first heap   total 262144K, used 147866K [0x00000000e0000000, 0x0000000100000000)
  region size 1024K, 124 young (126976K), 2 survivors (2048K)
 Metaspace       used 34688K, committed 36096K, reserved 393216K
  class space    used 5107K, committed 5824K, reserved 327680K
}
Event: 477.451 GC heap after
{Heap after GC invocations=6 (full 0):
 garbage-first heap   total 262144K, used 30957K [0x00000000e0000000, 0x0000000100000000)
  region size 1024K, 8 young (8192K), 8 survivors (8192K)
 Metaspace       used 34688K, committed 36096K, reserved 393216K
  class space    used 5107K, committed 5824K, reserved 327680K
}
Event: 496.450 GC heap before
{Heap before GC invocations=7 (full 0):
 garbage-first heap   total 262144K, used 95469K [0x00000000e0000000, 0x0000000100000000)
  region size 1024K, 71 young (72704K), 8 survivors (8192K)
 Metaspace       used 41980K, committed 43648K, reserved 393216K
  class space    used 6258K, committed 7104K, reserved 327680K
}
Event: 496.667 GC heap after
{Heap after GC invocations=8 (full 0):
 garbage-first heap   total 262144K, used 37148K [0x00000000e0000000, 0x0000000100000000)
  region size 1024K, 7 young (7168K), 7 survivors (7168K)
 Metaspace       used 41980K, committed 43648K, reserved 393216K
  class space    used 6258K, committed 7104K, reserved 327680K
}
Event: 616.033 GC heap before
{Heap before GC invocations=8 (full 0):
 garbage-first heap   total 262144K, used 120092K [0x00000000e0000000, 0x0000000100000000)
  region size 1024K, 88 young (90112K), 7 survivors (7168K)
 Metaspace       used 47689K, committed 49664K, reserved 393216K
  class space    used 7149K, committed 8128K, reserved 327680K
}
Event: 616.042 GC heap after
{Heap after GC invocations=9 (full 0):
 garbage-first heap   total 262144K, used 39928K [0x00000000e0000000, 0x0000000100000000)
  region size 1024K, 4 young (4096K), 4 survivors (4096K)
 Metaspace       used 47689K, committed 49664K, reserved 393216K
  class space    used 7149K, committed 8128K, reserved 327680K
}

